{"/home/travis/build/npmtest/node-npmtest-mongoskin/test.js":{"path":"/home/travis/build/npmtest/node-npmtest-mongoskin/test.js","s":{"1":2,"2":2,"3":2,"4":2,"5":2,"6":2,"7":2,"8":1,"9":2,"10":2,"11":1,"12":1,"13":1,"14":1,"15":2,"16":2,"17":2,"18":2,"19":1,"20":1,"21":2,"22":2,"23":2,"24":1,"25":1,"26":1,"27":1,"28":1,"29":1,"30":1,"31":1,"32":1,"33":1,"34":1,"35":1,"36":1,"37":2,"38":2,"39":1,"40":2,"41":2,"42":1,"43":2,"44":2,"45":1,"46":2,"47":2,"48":1,"49":1,"50":1,"51":1,"52":1},"b":{"1":[2,1,1,1],"2":[1,1,1,1],"3":[1,1],"4":[1,1],"5":[1,1],"6":[1,1],"7":[1,1],"8":[1,1],"9":[1,1,1],"10":[1,1],"11":[1,1],"12":[1,1],"13":[1,1],"14":[1,1],"15":[1,1],"16":[1,1]},"f":{"1":2,"2":2,"3":2,"4":2,"5":2,"6":1,"7":1,"8":2,"9":2,"10":2,"11":2,"12":1},"fnMap":{"1":{"name":"(anonymous_1)","line":12,"loc":{"start":{"line":12,"column":1},"end":{"line":12,"column":13}}},"2":{"name":"(anonymous_2)","line":19,"loc":{"start":{"line":19,"column":5},"end":{"line":19,"column":17}}},"3":{"name":"(anonymous_3)","line":23,"loc":{"start":{"line":23,"column":24},"end":{"line":23,"column":36}}},"4":{"name":"(anonymous_4)","line":61,"loc":{"start":{"line":61,"column":5},"end":{"line":61,"column":17}}},"5":{"name":"(anonymous_5)","line":82,"loc":{"start":{"line":82,"column":5},"end":{"line":82,"column":17}}},"6":{"name":"(anonymous_6)","line":102,"loc":{"start":{"line":102,"column":83},"end":{"line":105,"column":10}},"skip":true},"7":{"name":"(anonymous_7)","line":113,"loc":{"start":{"line":113,"column":77},"end":{"line":116,"column":10}},"skip":true},"8":{"name":"(anonymous_8)","line":129,"loc":{"start":{"line":129,"column":12},"end":{"line":129,"column":40}},"skip":true},"9":{"name":"(anonymous_9)","line":137,"loc":{"start":{"line":137,"column":77},"end":{"line":140,"column":10}},"skip":true},"10":{"name":"(anonymous_10)","line":148,"loc":{"start":{"line":148,"column":83},"end":{"line":151,"column":10}},"skip":true},"11":{"name":"(anonymous_11)","line":159,"loc":{"start":{"line":159,"column":79},"end":{"line":162,"column":10}},"skip":true},"12":{"name":"(anonymous_12)","line":170,"loc":{"start":{"line":170,"column":75},"end":{"line":173,"column":10}},"skip":true}},"statementMap":{"1":{"start":{"line":12,"column":0},"end":{"line":185,"column":5}},"2":{"start":{"line":14,"column":4},"end":{"line":14,"column":14}},"3":{"start":{"line":19,"column":4},"end":{"line":56,"column":9}},"4":{"start":{"line":21,"column":8},"end":{"line":21,"column":19}},"5":{"start":{"line":23,"column":8},"end":{"line":35,"column":13}},"6":{"start":{"line":24,"column":12},"end":{"line":34,"column":13}},"7":{"start":{"line":25,"column":16},"end":{"line":28,"column":30}},"8":{"start":{"line":30,"column":16},"end":{"line":33,"column":27}},"9":{"start":{"line":37,"column":8},"end":{"line":39,"column":21}},"10":{"start":{"line":40,"column":8},"end":{"line":53,"column":9}},"11":{"start":{"line":43,"column":12},"end":{"line":46,"column":14}},"12":{"start":{"line":47,"column":12},"end":{"line":47,"column":18}},"13":{"start":{"line":50,"column":12},"end":{"line":51,"column":46}},"14":{"start":{"line":52,"column":12},"end":{"line":52,"column":18}},"15":{"start":{"line":55,"column":8},"end":{"line":55,"column":35}},"16":{"start":{"line":61,"column":4},"end":{"line":63,"column":9}},"17":{"start":{"line":62,"column":8},"end":{"line":62,"column":15}},"18":{"start":{"line":64,"column":4},"end":{"line":77,"column":5}},"19":{"start":{"line":70,"column":8},"end":{"line":70,"column":14}},"20":{"start":{"line":76,"column":8},"end":{"line":76,"column":14}},"21":{"start":{"line":82,"column":4},"end":{"line":84,"column":9}},"22":{"start":{"line":83,"column":8},"end":{"line":83,"column":15}},"23":{"start":{"line":85,"column":4},"end":{"line":184,"column":5}},"24":{"start":{"line":92,"column":8},"end":{"line":94,"column":63}},"25":{"start":{"line":95,"column":8},"end":{"line":95,"column":14}},"26":{"start":{"line":102,"column":8},"end":{"line":111,"column":10},"skip":true},"27":{"start":{"line":109,"column":12},"end":{"line":109,"column":55},"skip":true},"28":{"start":{"line":110,"column":12},"end":{"line":110,"column":48},"skip":true},"29":{"start":{"line":113,"column":8},"end":{"line":126,"column":10},"skip":true},"30":{"start":{"line":120,"column":12},"end":{"line":120,"column":76},"skip":true},"31":{"start":{"line":121,"column":12},"end":{"line":121,"column":73},"skip":true},"32":{"start":{"line":122,"column":12},"end":{"line":122,"column":74},"skip":true},"33":{"start":{"line":123,"column":12},"end":{"line":123,"column":79},"skip":true},"34":{"start":{"line":124,"column":12},"end":{"line":124,"column":25},"skip":true},"35":{"start":{"line":125,"column":12},"end":{"line":125,"column":45},"skip":true},"36":{"start":{"line":128,"column":8},"end":{"line":135,"column":14},"skip":true},"37":{"start":{"line":133,"column":16},"end":{"line":133,"column":29},"skip":true},"38":{"start":{"line":134,"column":16},"end":{"line":134,"column":55},"skip":true},"39":{"start":{"line":137,"column":8},"end":{"line":146,"column":10},"skip":true},"40":{"start":{"line":144,"column":12},"end":{"line":144,"column":25},"skip":true},"41":{"start":{"line":145,"column":12},"end":{"line":145,"column":45},"skip":true},"42":{"start":{"line":148,"column":8},"end":{"line":157,"column":10},"skip":true},"43":{"start":{"line":155,"column":12},"end":{"line":155,"column":25},"skip":true},"44":{"start":{"line":156,"column":12},"end":{"line":156,"column":48},"skip":true},"45":{"start":{"line":159,"column":8},"end":{"line":168,"column":10},"skip":true},"46":{"start":{"line":166,"column":12},"end":{"line":166,"column":25},"skip":true},"47":{"start":{"line":167,"column":12},"end":{"line":167,"column":46},"skip":true},"48":{"start":{"line":170,"column":8},"end":{"line":179,"column":10},"skip":true},"49":{"start":{"line":177,"column":12},"end":{"line":177,"column":94},"skip":true},"50":{"start":{"line":178,"column":12},"end":{"line":178,"column":48},"skip":true},"51":{"start":{"line":182,"column":8},"end":{"line":182,"column":35},"skip":true},"52":{"start":{"line":183,"column":8},"end":{"line":183,"column":14},"skip":true}},"branchMap":{"1":{"line":25,"type":"binary-expr","locations":[{"start":{"line":25,"column":23},"end":{"line":25,"column":62}},{"start":{"line":26,"column":20},"end":{"line":26,"column":70}},{"start":{"line":27,"column":20},"end":{"line":27,"column":71}},{"start":{"line":28,"column":20},"end":{"line":28,"column":29}}]},"2":{"line":30,"type":"binary-expr","locations":[{"start":{"line":30,"column":23},"end":{"line":30,"column":37}},{"start":{"line":31,"column":20},"end":{"line":31,"column":61}},{"start":{"line":32,"column":20},"end":{"line":32,"column":70}},{"start":{"line":33,"column":20},"end":{"line":33,"column":26}}]},"3":{"line":37,"type":"cond-expr","locations":[{"start":{"line":38,"column":14},"end":{"line":38,"column":20}},{"start":{"line":39,"column":14},"end":{"line":39,"column":20}}]},"4":{"line":40,"type":"switch","locations":[{"start":{"line":42,"column":8},"end":{"line":47,"column":18}},{"start":{"line":49,"column":8},"end":{"line":52,"column":18}}]},"5":{"line":44,"type":"binary-expr","locations":[{"start":{"line":44,"column":16},"end":{"line":44,"column":44}},{"start":{"line":44,"column":48},"end":{"line":44,"column":66}}]},"6":{"line":50,"type":"binary-expr","locations":[{"start":{"line":50,"column":21},"end":{"line":50,"column":49}},{"start":{"line":50,"column":53},"end":{"line":50,"column":72}}]},"7":{"line":64,"type":"switch","locations":[{"start":{"line":69,"column":4},"end":{"line":70,"column":14}},{"start":{"line":75,"column":4},"end":{"line":76,"column":14}}]},"8":{"line":85,"type":"switch","locations":[{"start":{"line":90,"column":4},"end":{"line":95,"column":14}},{"start":{"line":101,"column":4},"end":{"line":183,"column":14},"skip":true}]},"9":{"line":92,"type":"binary-expr","locations":[{"start":{"line":92,"column":18},"end":{"line":92,"column":32}},{"start":{"line":93,"column":12},"end":{"line":93,"column":53}},{"start":{"line":94,"column":12},"end":{"line":94,"column":61}}]},"10":{"line":102,"type":"binary-expr","locations":[{"start":{"line":102,"column":45},"end":{"line":102,"column":79},"skip":true},{"start":{"line":102,"column":83},"end":{"line":111,"column":9},"skip":true}]},"11":{"line":113,"type":"binary-expr","locations":[{"start":{"line":113,"column":42},"end":{"line":113,"column":73},"skip":true},{"start":{"line":113,"column":77},"end":{"line":126,"column":9},"skip":true}]},"12":{"line":128,"type":"binary-expr","locations":[{"start":{"line":128,"column":48},"end":{"line":128,"column":85},"skip":true},{"start":{"line":129,"column":12},"end":{"line":135,"column":13},"skip":true}]},"13":{"line":137,"type":"binary-expr","locations":[{"start":{"line":137,"column":42},"end":{"line":137,"column":73},"skip":true},{"start":{"line":137,"column":77},"end":{"line":146,"column":9},"skip":true}]},"14":{"line":148,"type":"binary-expr","locations":[{"start":{"line":148,"column":45},"end":{"line":148,"column":79},"skip":true},{"start":{"line":148,"column":83},"end":{"line":157,"column":9},"skip":true}]},"15":{"line":159,"type":"binary-expr","locations":[{"start":{"line":159,"column":43},"end":{"line":159,"column":75},"skip":true},{"start":{"line":159,"column":79},"end":{"line":168,"column":9},"skip":true}]},"16":{"line":170,"type":"binary-expr","locations":[{"start":{"line":170,"column":41},"end":{"line":170,"column":71},"skip":true},{"start":{"line":170,"column":75},"end":{"line":179,"column":9},"skip":true}]}},"code":["/* istanbul instrument in package npmtest_mongoskin */","/*jslint","    bitwise: true,","    browser: true,","    maxerr: 8,","    maxlen: 96,","    node: true,","    nomen: true,","    regexp: true,","    stupid: true","*/","(function () {","    'use strict';","    var local;","","","","    // run shared js-env code - pre-init","    (function () {","        // init local","        local = {};","        // init modeJs","        local.modeJs = (function () {","            try {","                return typeof navigator.userAgent === 'string' &&","                    typeof document.querySelector('body') === 'object' &&","                    typeof XMLHttpRequest.prototype.open === 'function' &&","                    'browser';","            } catch (errorCaughtBrowser) {","                return module.exports &&","                    typeof process.versions.node === 'string' &&","                    typeof require('http').createServer === 'function' &&","                    'node';","            }","        }());","        // init global","        local.global = local.modeJs === 'browser'","            ? window","            : global;","        switch (local.modeJs) {","        // re-init local from window.local","        case 'browser':","            local = local.global.utility2.objectSetDefault(","                local.global.utility2_rollup || local.global.local,","                local.global.utility2","            );","            break;","        // re-init local from example.js","        case 'node':","            local = (local.global.utility2_rollup || require('utility2'))","                .requireExampleJsFromReadme();","            break;","        }","        // export local","        local.global.local = local;","    }());","","","","    // run shared js-env code - function","    (function () {","        return;","    }());","    switch (local.modeJs) {","","","","    // run browser js-env code - function","    case 'browser':","        break;","","","","    // run node js-env code - function","    case 'node':","        break;","    }","","","","    // run shared js-env code - post-init","    (function () {","        return;","    }());","    switch (local.modeJs) {","","","","    // run browser js-env code - post-init","    case 'browser':","        // run tests","        local.nop(local.modeTest &&","            document.querySelector('#testRunButton1') &&","            document.querySelector('#testRunButton1').click());","        break;","","","","    // run node js-env code - post-init","    /* istanbul ignore next */","    case 'node':","        local.testCase_buildApidoc_default = local.testCase_buildApidoc_default || function (","            options,","            onError","        ) {","        /*","         * this function will test buildApidoc's default handling-behavior-behavior","         */","            options = { modulePathList: module.paths };","            local.buildApidoc(options, onError);","        };","","        local.testCase_buildApp_default = local.testCase_buildApp_default || function (","            options,","            onError","        ) {","        /*","         * this function will test buildApp's default handling-behavior-behavior","         */","            local.testCase_buildReadme_default(options, local.onErrorThrow);","            local.testCase_buildLib_default(options, local.onErrorThrow);","            local.testCase_buildTest_default(options, local.onErrorThrow);","            local.testCase_buildCustomOrg_default(options, local.onErrorThrow);","            options = [];","            local.buildApp(options, onError);","        };","","        local.testCase_buildCustomOrg_default = local.testCase_buildCustomOrg_default ||","            function (options, onError) {","            /*","             * this function will test buildCustomOrg's default handling-behavior","             */","                options = {};","                local.buildCustomOrg(options, onError);","            };","","        local.testCase_buildLib_default = local.testCase_buildLib_default || function (","            options,","            onError","        ) {","        /*","         * this function will test buildLib's default handling-behavior","         */","            options = {};","            local.buildLib(options, onError);","        };","","        local.testCase_buildReadme_default = local.testCase_buildReadme_default || function (","            options,","            onError","        ) {","        /*","         * this function will test buildReadme's default handling-behavior-behavior","         */","            options = {};","            local.buildReadme(options, onError);","        };","","        local.testCase_buildTest_default = local.testCase_buildTest_default || function (","            options,","            onError","        ) {","        /*","         * this function will test buildTest's default handling-behavior","         */","            options = {};","            local.buildTest(options, onError);","        };","","        local.testCase_webpage_default = local.testCase_webpage_default || function (","            options,","            onError","        ) {","        /*","         * this function will test webpage's default handling-behavior","         */","            options = { modeCoverageMerge: true, url: local.serverLocalHost + '?modeTest=1' };","            local.browserTest(options, onError);","        };","","        // run test-server","        local.testRunServer(local);","        break;","    }","}());",""],"l":{"12":2,"14":2,"19":2,"21":2,"23":2,"24":2,"25":2,"30":1,"37":2,"40":2,"43":1,"47":1,"50":1,"52":1,"55":2,"61":2,"62":2,"64":2,"70":1,"76":1,"82":2,"83":2,"85":2,"92":1,"95":1,"102":1,"109":1,"110":1,"113":1,"120":1,"121":1,"122":1,"123":1,"124":1,"125":1,"128":1,"133":2,"134":2,"137":1,"144":2,"145":2,"148":1,"155":2,"156":2,"159":1,"166":2,"167":2,"170":1,"177":1,"178":1,"182":1,"183":1}},"/home/travis/build/npmtest/node-npmtest-mongoskin/lib.npmtest_mongoskin.js":{"path":"/home/travis/build/npmtest/node-npmtest-mongoskin/lib.npmtest_mongoskin.js","s":{"1":2,"2":2,"3":2,"4":2,"5":2,"6":2,"7":2,"8":1,"9":2,"10":2,"11":2,"12":2,"13":1,"14":1,"15":1,"16":1},"b":{"1":[2,1,1,1],"2":[1,1,1,1],"3":[1,1],"4":[2,2],"5":[1,1]},"f":{"1":2,"2":2,"3":2},"fnMap":{"1":{"name":"(anonymous_1)","line":12,"loc":{"start":{"line":12,"column":1},"end":{"line":12,"column":13}}},"2":{"name":"(anonymous_2)","line":19,"loc":{"start":{"line":19,"column":5},"end":{"line":19,"column":17}}},"3":{"name":"(anonymous_3)","line":23,"loc":{"start":{"line":23,"column":24},"end":{"line":23,"column":36}}}},"statementMap":{"1":{"start":{"line":12,"column":0},"end":{"line":53,"column":5}},"2":{"start":{"line":14,"column":4},"end":{"line":14,"column":14}},"3":{"start":{"line":19,"column":4},"end":{"line":52,"column":9}},"4":{"start":{"line":21,"column":8},"end":{"line":21,"column":19}},"5":{"start":{"line":23,"column":8},"end":{"line":35,"column":13}},"6":{"start":{"line":24,"column":12},"end":{"line":34,"column":13}},"7":{"start":{"line":25,"column":16},"end":{"line":28,"column":30}},"8":{"start":{"line":30,"column":16},"end":{"line":33,"column":27}},"9":{"start":{"line":37,"column":8},"end":{"line":39,"column":21}},"10":{"start":{"line":41,"column":8},"end":{"line":41,"column":54}},"11":{"start":{"line":43,"column":8},"end":{"line":43,"column":54}},"12":{"start":{"line":45,"column":8},"end":{"line":51,"column":9}},"13":{"start":{"line":46,"column":12},"end":{"line":46,"column":60}},"14":{"start":{"line":48,"column":12},"end":{"line":48,"column":35}},"15":{"start":{"line":49,"column":12},"end":{"line":49,"column":49}},"16":{"start":{"line":50,"column":12},"end":{"line":50,"column":43}}},"branchMap":{"1":{"line":25,"type":"binary-expr","locations":[{"start":{"line":25,"column":23},"end":{"line":25,"column":62}},{"start":{"line":26,"column":20},"end":{"line":26,"column":70}},{"start":{"line":27,"column":20},"end":{"line":27,"column":71}},{"start":{"line":28,"column":20},"end":{"line":28,"column":29}}]},"2":{"line":30,"type":"binary-expr","locations":[{"start":{"line":30,"column":23},"end":{"line":30,"column":37}},{"start":{"line":31,"column":20},"end":{"line":31,"column":61}},{"start":{"line":32,"column":20},"end":{"line":32,"column":70}},{"start":{"line":33,"column":20},"end":{"line":33,"column":26}}]},"3":{"line":37,"type":"cond-expr","locations":[{"start":{"line":38,"column":14},"end":{"line":38,"column":20}},{"start":{"line":39,"column":14},"end":{"line":39,"column":20}}]},"4":{"line":41,"type":"binary-expr","locations":[{"start":{"line":41,"column":16},"end":{"line":41,"column":44}},{"start":{"line":41,"column":48},"end":{"line":41,"column":53}}]},"5":{"line":45,"type":"if","locations":[{"start":{"line":45,"column":8},"end":{"line":45,"column":8}},{"start":{"line":45,"column":8},"end":{"line":45,"column":8}}]}},"code":["/* istanbul instrument in package npmtest_mongoskin */","/*jslint","    bitwise: true,","    browser: true,","    maxerr: 8,","    maxlen: 96,","    node: true,","    nomen: true,","    regexp: true,","    stupid: true","*/","(function () {","    'use strict';","    var local;","","","","    // run shared js-env code - pre-init","    (function () {","        // init local","        local = {};","        // init modeJs","        local.modeJs = (function () {","            try {","                return typeof navigator.userAgent === 'string' &&","                    typeof document.querySelector('body') === 'object' &&","                    typeof XMLHttpRequest.prototype.open === 'function' &&","                    'browser';","            } catch (errorCaughtBrowser) {","                return module.exports &&","                    typeof process.versions.node === 'string' &&","                    typeof require('http').createServer === 'function' &&","                    'node';","            }","        }());","        // init global","        local.global = local.modeJs === 'browser'","            ? window","            : global;","        // init utility2_rollup","        local = local.global.utility2_rollup || local;","        // init lib","        local.local = local.npmtest_mongoskin = local;","        // init exports","        if (local.modeJs === 'browser') {","            local.global.utility2_npmtest_mongoskin = local;","        } else {","            module.exports = local;","            module.exports.__dirname = __dirname;","            module.exports.module = module;","        }","    }());","}());",""],"l":{"12":2,"14":2,"19":2,"21":2,"23":2,"24":2,"25":2,"30":1,"37":2,"41":2,"43":2,"45":2,"46":1,"48":1,"49":1,"50":1}},"/home/travis/build/npmtest/node-npmtest-mongoskin/example.js":{"path":"/home/travis/build/npmtest/node-npmtest-mongoskin/example.js","s":{"1":2,"2":2,"3":2,"4":2,"5":2,"6":2,"7":2,"8":1,"9":2,"10":2,"11":2,"12":2,"13":1,"14":2,"15":2,"16":2,"17":2,"18":2,"19":0,"20":2,"21":1,"22":1,"23":1,"24":1,"25":1,"26":0,"27":0,"28":1,"29":1,"30":2,"31":0,"32":0,"33":0,"34":1,"35":2,"36":2,"37":2,"38":2,"39":2,"40":2,"41":0,"42":2,"43":2,"44":2,"45":1,"46":3,"47":1,"48":1,"49":1,"50":1,"51":1,"52":1,"53":1,"54":1,"55":1,"56":1,"57":0,"58":1,"59":6,"60":6,"61":1,"62":2,"63":0,"64":2,"65":1,"66":1,"67":0,"68":0,"69":0,"70":0,"71":0,"72":0,"73":0,"74":0,"75":0,"76":0,"77":0,"78":0,"79":0,"80":0,"81":0,"82":0,"83":0},"b":{"1":[2,1,1,1],"2":[1,1,1,1],"3":[1,1],"4":[2,2],"5":[1,1],"6":[1,1],"7":[2,0],"8":[2,1,1,1,1,1],"9":[0,2,0],"10":[1,1],"11":[2,1,1],"12":[1,0],"13":[0,2],"14":[2,0,0,0,0,0,0],"15":[0,2],"16":[2,0],"17":[1,1],"18":[0,1],"19":[1,2,0,2],"20":[1,0],"21":[1,1],"22":[0,0],"23":[0,0],"24":[0,0],"25":[0,0],"26":[0,0],"27":[0,0],"28":[0,0]},"f":{"1":2,"2":2,"3":2,"4":2,"5":2,"6":2,"7":2,"8":2,"9":3,"10":1,"11":6,"12":0},"fnMap":{"1":{"name":"(anonymous_1)","line":26,"loc":{"start":{"line":26,"column":1},"end":{"line":26,"column":13}}},"2":{"name":"(anonymous_2)","line":33,"loc":{"start":{"line":33,"column":5},"end":{"line":33,"column":17}}},"3":{"name":"(anonymous_3)","line":37,"loc":{"start":{"line":37,"column":24},"end":{"line":37,"column":36}}},"4":{"name":"(anonymous_4)","line":69,"loc":{"start":{"line":69,"column":31},"end":{"line":69,"column":48}},"skip":true},"5":{"name":"(anonymous_5)","line":78,"loc":{"start":{"line":78,"column":26},"end":{"line":78,"column":45}},"skip":true},"6":{"name":"(anonymous_6)","line":123,"loc":{"start":{"line":123,"column":33},"end":{"line":123,"column":48}},"skip":true},"7":{"name":"(anonymous_7)","line":125,"loc":{"start":{"line":125,"column":27},"end":{"line":125,"column":39}},"skip":true},"8":{"name":"(anonymous_8)","line":133,"loc":{"start":{"line":133,"column":59},"end":{"line":133,"column":74}},"skip":true},"9":{"name":"(anonymous_9)","line":143,"loc":{"start":{"line":143,"column":45},"end":{"line":143,"column":62}},"skip":true},"10":{"name":"(anonymous_10)","line":144,"loc":{"start":{"line":144,"column":73},"end":{"line":144,"column":92}},"skip":true},"11":{"name":"(anonymous_11)","line":272,"loc":{"start":{"line":272,"column":51},"end":{"line":272,"column":77}},"skip":true},"12":{"name":"(anonymous_12)","line":314,"loc":{"start":{"line":314,"column":32},"end":{"line":314,"column":61}},"skip":true}},"statementMap":{"1":{"start":{"line":26,"column":0},"end":{"line":325,"column":5}},"2":{"start":{"line":28,"column":4},"end":{"line":28,"column":14}},"3":{"start":{"line":33,"column":4},"end":{"line":60,"column":9}},"4":{"start":{"line":35,"column":8},"end":{"line":35,"column":19}},"5":{"start":{"line":37,"column":8},"end":{"line":49,"column":13}},"6":{"start":{"line":38,"column":12},"end":{"line":48,"column":13}},"7":{"start":{"line":39,"column":16},"end":{"line":42,"column":30}},"8":{"start":{"line":44,"column":16},"end":{"line":47,"column":27}},"9":{"start":{"line":51,"column":8},"end":{"line":53,"column":21}},"10":{"start":{"line":55,"column":8},"end":{"line":57,"column":45}},"11":{"start":{"line":59,"column":8},"end":{"line":59,"column":35}},"12":{"start":{"line":61,"column":4},"end":{"line":324,"column":5}},"13":{"start":{"line":69,"column":8},"end":{"line":121,"column":10},"skip":true},"14":{"start":{"line":70,"column":12},"end":{"line":88,"column":13},"skip":true},"15":{"start":{"line":76,"column":16},"end":{"line":87,"column":19},"skip":true},"16":{"start":{"line":79,"column":20},"end":{"line":86,"column":21},"skip":true},"17":{"start":{"line":82,"column":24},"end":{"line":82,"column":43},"skip":true},"18":{"start":{"line":83,"column":24},"end":{"line":83,"column":30},"skip":true},"19":{"start":{"line":85,"column":24},"end":{"line":85,"column":49},"skip":true},"20":{"start":{"line":89,"column":12},"end":{"line":107,"column":13},"skip":true},"21":{"start":{"line":92,"column":16},"end":{"line":102,"column":17},"skip":true},"22":{"start":{"line":93,"column":20},"end":{"line":93,"column":86},"skip":true},"23":{"start":{"line":94,"column":20},"end":{"line":95,"column":45},"skip":true},"24":{"start":{"line":96,"column":20},"end":{"line":96,"column":42},"skip":true},"25":{"start":{"line":97,"column":20},"end":{"line":97,"column":48},"skip":true},"26":{"start":{"line":100,"column":20},"end":{"line":100,"column":85},"skip":true},"27":{"start":{"line":101,"column":20},"end":{"line":101,"column":96},"skip":true},"28":{"start":{"line":103,"column":16},"end":{"line":103,"column":22},"skip":true},"29":{"start":{"line":106,"column":16},"end":{"line":106,"column":22},"skip":true},"30":{"start":{"line":108,"column":12},"end":{"line":120,"column":13},"skip":true},"31":{"start":{"line":114,"column":16},"end":{"line":119,"column":17},"skip":true},"32":{"start":{"line":116,"column":20},"end":{"line":116,"column":78},"skip":true},"33":{"start":{"line":118,"column":20},"end":{"line":118,"column":53},"skip":true},"34":{"start":{"line":123,"column":8},"end":{"line":141,"column":11},"skip":true},"35":{"start":{"line":124,"column":12},"end":{"line":124,"column":54},"skip":true},"36":{"start":{"line":125,"column":12},"end":{"line":140,"column":14},"skip":true},"37":{"start":{"line":126,"column":16},"end":{"line":126,"column":28},"skip":true},"38":{"start":{"line":127,"column":16},"end":{"line":127,"column":69},"skip":true},"39":{"start":{"line":128,"column":16},"end":{"line":128,"column":75},"skip":true},"40":{"start":{"line":129,"column":16},"end":{"line":131,"column":17},"skip":true},"41":{"start":{"line":130,"column":20},"end":{"line":130,"column":27},"skip":true},"42":{"start":{"line":133,"column":16},"end":{"line":137,"column":36},"skip":true},"43":{"start":{"line":134,"column":20},"end":{"line":136,"column":55},"skip":true},"44":{"start":{"line":139,"column":16},"end":{"line":139,"column":57},"skip":true},"45":{"start":{"line":143,"column":8},"end":{"line":147,"column":11},"skip":true},"46":{"start":{"line":144,"column":12},"end":{"line":146,"column":15},"skip":true},"47":{"start":{"line":145,"column":16},"end":{"line":145,"column":70},"skip":true},"48":{"start":{"line":149,"column":8},"end":{"line":149,"column":31},"skip":true},"49":{"start":{"line":150,"column":8},"end":{"line":150,"column":14},"skip":true},"50":{"start":{"line":158,"column":8},"end":{"line":158,"column":31},"skip":true},"51":{"start":{"line":160,"column":8},"end":{"line":160,"column":33},"skip":true},"52":{"start":{"line":161,"column":8},"end":{"line":161,"column":37},"skip":true},"53":{"start":{"line":162,"column":8},"end":{"line":162,"column":35},"skip":true},"54":{"start":{"line":164,"column":8},"end":{"line":164,"column":50},"skip":true},"55":{"start":{"line":166,"column":8},"end":{"line":256,"column":2},"skip":true},"56":{"start":{"line":258,"column":8},"end":{"line":286,"column":9},"skip":true},"57":{"start":{"line":259,"column":12},"end":{"line":269,"column":14},"skip":true},"58":{"start":{"line":271,"column":12},"end":{"line":285,"column":19},"skip":true},"59":{"start":{"line":274,"column":20},"end":{"line":274,"column":35},"skip":true},"60":{"start":{"line":275,"column":20},"end":{"line":284,"column":21},"skip":true},"61":{"start":{"line":277,"column":24},"end":{"line":277,"column":64},"skip":true},"62":{"start":{"line":279,"column":24},"end":{"line":279,"column":40},"skip":true},"63":{"start":{"line":281,"column":24},"end":{"line":281,"column":40},"skip":true},"64":{"start":{"line":283,"column":24},"end":{"line":283,"column":39},"skip":true},"65":{"start":{"line":288,"column":8},"end":{"line":290,"column":9},"skip":true},"66":{"start":{"line":289,"column":12},"end":{"line":289,"column":18},"skip":true},"67":{"start":{"line":291,"column":8},"end":{"line":293,"column":54},"skip":true},"68":{"start":{"line":294,"column":8},"end":{"line":301,"column":37},"skip":true},"69":{"start":{"line":302,"column":8},"end":{"line":302,"column":82},"skip":true},"70":{"start":{"line":305,"column":8},"end":{"line":307,"column":9},"skip":true},"71":{"start":{"line":306,"column":12},"end":{"line":306,"column":82},"skip":true},"72":{"start":{"line":309,"column":8},"end":{"line":311,"column":9},"skip":true},"73":{"start":{"line":310,"column":12},"end":{"line":310,"column":18},"skip":true},"74":{"start":{"line":312,"column":8},"end":{"line":312,"column":54},"skip":true},"75":{"start":{"line":313,"column":8},"end":{"line":313,"column":69},"skip":true},"76":{"start":{"line":314,"column":8},"end":{"line":322,"column":36},"skip":true},"77":{"start":{"line":315,"column":12},"end":{"line":315,"column":61},"skip":true},"78":{"start":{"line":316,"column":12},"end":{"line":319,"column":13},"skip":true},"79":{"start":{"line":317,"column":16},"end":{"line":317,"column":75},"skip":true},"80":{"start":{"line":318,"column":16},"end":{"line":318,"column":23},"skip":true},"81":{"start":{"line":320,"column":12},"end":{"line":320,"column":38},"skip":true},"82":{"start":{"line":321,"column":12},"end":{"line":321,"column":27},"skip":true},"83":{"start":{"line":323,"column":8},"end":{"line":323,"column":14},"skip":true}},"branchMap":{"1":{"line":39,"type":"binary-expr","locations":[{"start":{"line":39,"column":23},"end":{"line":39,"column":62}},{"start":{"line":40,"column":20},"end":{"line":40,"column":70}},{"start":{"line":41,"column":20},"end":{"line":41,"column":71}},{"start":{"line":42,"column":20},"end":{"line":42,"column":29}}]},"2":{"line":44,"type":"binary-expr","locations":[{"start":{"line":44,"column":23},"end":{"line":44,"column":37}},{"start":{"line":45,"column":20},"end":{"line":45,"column":61}},{"start":{"line":46,"column":20},"end":{"line":46,"column":70}},{"start":{"line":47,"column":20},"end":{"line":47,"column":26}}]},"3":{"line":51,"type":"cond-expr","locations":[{"start":{"line":52,"column":14},"end":{"line":52,"column":20}},{"start":{"line":53,"column":14},"end":{"line":53,"column":20}}]},"4":{"line":55,"type":"binary-expr","locations":[{"start":{"line":55,"column":16},"end":{"line":55,"column":44}},{"start":{"line":55,"column":49},"end":{"line":57,"column":43}}]},"5":{"line":55,"type":"cond-expr","locations":[{"start":{"line":56,"column":14},"end":{"line":56,"column":53}},{"start":{"line":57,"column":14},"end":{"line":57,"column":43}}]},"6":{"line":61,"type":"switch","locations":[{"start":{"line":68,"column":4},"end":{"line":150,"column":14},"skip":true},{"start":{"line":156,"column":4},"end":{"line":323,"column":14},"skip":true}]},"7":{"line":70,"type":"if","locations":[{"start":{"line":70,"column":12},"end":{"line":70,"column":12},"skip":true},{"start":{"line":70,"column":12},"end":{"line":70,"column":12},"skip":true}]},"8":{"line":70,"type":"binary-expr","locations":[{"start":{"line":70,"column":16},"end":{"line":70,"column":22},"skip":true},{"start":{"line":70,"column":27},"end":{"line":70,"column":32},"skip":true},{"start":{"line":71,"column":20},"end":{"line":71,"column":39},"skip":true},{"start":{"line":72,"column":20},"end":{"line":72,"column":49},"skip":true},{"start":{"line":73,"column":20},"end":{"line":73,"column":58},"skip":true},{"start":{"line":74,"column":20},"end":{"line":74,"column":69},"skip":true}]},"9":{"line":79,"type":"switch","locations":[{"start":{"line":80,"column":20},"end":{"line":80,"column":33},"skip":true},{"start":{"line":81,"column":20},"end":{"line":83,"column":30},"skip":true},{"start":{"line":84,"column":20},"end":{"line":85,"column":49},"skip":true}]},"10":{"line":89,"type":"switch","locations":[{"start":{"line":90,"column":12},"end":{"line":103,"column":22},"skip":true},{"start":{"line":105,"column":12},"end":{"line":106,"column":22},"skip":true}]},"11":{"line":89,"type":"binary-expr","locations":[{"start":{"line":89,"column":20},"end":{"line":89,"column":25},"skip":true},{"start":{"line":89,"column":29},"end":{"line":89,"column":48},"skip":true},{"start":{"line":89,"column":52},"end":{"line":89,"column":74},"skip":true}]},"12":{"line":92,"type":"if","locations":[{"start":{"line":92,"column":16},"end":{"line":92,"column":16},"skip":true},{"start":{"line":92,"column":16},"end":{"line":92,"column":16},"skip":true}]},"13":{"line":108,"type":"if","locations":[{"start":{"line":108,"column":12},"end":{"line":108,"column":12},"skip":true},{"start":{"line":108,"column":12},"end":{"line":108,"column":12},"skip":true}]},"14":{"line":108,"type":"binary-expr","locations":[{"start":{"line":108,"column":16},"end":{"line":108,"column":61},"skip":true},{"start":{"line":108,"column":66},"end":{"line":108,"column":72},"skip":true},{"start":{"line":108,"column":77},"end":{"line":108,"column":82},"skip":true},{"start":{"line":109,"column":20},"end":{"line":109,"column":39},"skip":true},{"start":{"line":110,"column":20},"end":{"line":110,"column":49},"skip":true},{"start":{"line":111,"column":20},"end":{"line":111,"column":58},"skip":true},{"start":{"line":112,"column":20},"end":{"line":112,"column":68},"skip":true}]},"15":{"line":129,"type":"if","locations":[{"start":{"line":129,"column":16},"end":{"line":129,"column":16},"skip":true},{"start":{"line":129,"column":16},"end":{"line":129,"column":16},"skip":true}]},"16":{"line":134,"type":"cond-expr","locations":[{"start":{"line":135,"column":26},"end":{"line":135,"column":29},"skip":true},{"start":{"line":136,"column":26},"end":{"line":136,"column":54},"skip":true}]},"17":{"line":164,"type":"binary-expr","locations":[{"start":{"line":164,"column":27},"end":{"line":164,"column":43},"skip":true},{"start":{"line":164,"column":47},"end":{"line":164,"column":49},"skip":true}]},"18":{"line":258,"type":"if","locations":[{"start":{"line":258,"column":8},"end":{"line":258,"column":8},"skip":true},{"start":{"line":258,"column":8},"end":{"line":258,"column":8},"skip":true}]},"19":{"line":275,"type":"switch","locations":[{"start":{"line":276,"column":20},"end":{"line":277,"column":64},"skip":true},{"start":{"line":278,"column":20},"end":{"line":279,"column":40},"skip":true},{"start":{"line":280,"column":20},"end":{"line":281,"column":40},"skip":true},{"start":{"line":282,"column":20},"end":{"line":283,"column":39},"skip":true}]},"20":{"line":288,"type":"if","locations":[{"start":{"line":288,"column":8},"end":{"line":288,"column":8},"skip":true},{"start":{"line":288,"column":8},"end":{"line":288,"column":8},"skip":true}]},"21":{"line":288,"type":"binary-expr","locations":[{"start":{"line":288,"column":12},"end":{"line":288,"column":40},"skip":true},{"start":{"line":288,"column":44},"end":{"line":288,"column":67},"skip":true}]},"22":{"line":292,"type":"binary-expr","locations":[{"start":{"line":292,"column":12},"end":{"line":292,"column":50},"skip":true},{"start":{"line":293,"column":12},"end":{"line":293,"column":53},"skip":true}]},"23":{"line":295,"type":"binary-expr","locations":[{"start":{"line":295,"column":12},"end":{"line":295,"column":67},"skip":true},{"start":{"line":296,"column":12},"end":{"line":301,"column":36},"skip":true}]},"24":{"line":302,"type":"binary-expr","locations":[{"start":{"line":302,"column":43},"end":{"line":302,"column":75},"skip":true},{"start":{"line":302,"column":79},"end":{"line":302,"column":81},"skip":true}]},"25":{"line":305,"type":"if","locations":[{"start":{"line":305,"column":8},"end":{"line":305,"column":8},"skip":true},{"start":{"line":305,"column":8},"end":{"line":305,"column":8},"skip":true}]},"26":{"line":309,"type":"if","locations":[{"start":{"line":309,"column":8},"end":{"line":309,"column":8},"skip":true},{"start":{"line":309,"column":8},"end":{"line":309,"column":8},"skip":true}]},"27":{"line":312,"type":"binary-expr","locations":[{"start":{"line":312,"column":27},"end":{"line":312,"column":43},"skip":true},{"start":{"line":312,"column":47},"end":{"line":312,"column":53},"skip":true}]},"28":{"line":316,"type":"if","locations":[{"start":{"line":316,"column":12},"end":{"line":316,"column":12},"skip":true},{"start":{"line":316,"column":12},"end":{"line":316,"column":12},"skip":true}]}},"code":["/*","example.js","","quickstart example","","instruction","    1. save this script as example.js","    2. run the shell command:","        $ npm install npmtest-mongoskin && PORT=8081 node example.js","    3. play with the browser-demo on http://127.0.0.1:8081","*/","","","","/* istanbul instrument in package npmtest_mongoskin */","/*jslint","    bitwise: true,","    browser: true,","    maxerr: 8,","    maxlen: 96,","    node: true,","    nomen: true,","    regexp: true,","    stupid: true","*/","(function () {","    'use strict';","    var local;","","","","    // run shared js-env code - pre-init","    (function () {","        // init local","        local = {};","        // init modeJs","        local.modeJs = (function () {","            try {","                return typeof navigator.userAgent === 'string' &&","                    typeof document.querySelector('body') === 'object' &&","                    typeof XMLHttpRequest.prototype.open === 'function' &&","                    'browser';","            } catch (errorCaughtBrowser) {","                return module.exports &&","                    typeof process.versions.node === 'string' &&","                    typeof require('http').createServer === 'function' &&","                    'node';","            }","        }());","        // init global","        local.global = local.modeJs === 'browser'","            ? window","            : global;","        // init utility2_rollup","        local = local.global.utility2_rollup || (local.modeJs === 'browser'","            ? local.global.utility2_npmtest_mongoskin","            : global.utility2_moduleExports);","        // export local","        local.global.local = local;","    }());","    switch (local.modeJs) {","","","","    // post-init","    // run browser js-env code - post-init","    /* istanbul ignore next */","    case 'browser':","        local.testRunBrowser = function (event) {","            if (!event || (event &&","                    event.currentTarget &&","                    event.currentTarget.className &&","                    event.currentTarget.className.includes &&","                    event.currentTarget.className.includes('onreset'))) {","                // reset output","                Array.from(","                    document.querySelectorAll('body > .resettable')","                ).forEach(function (element) {","                    switch (element.tagName) {","                    case 'INPUT':","                    case 'TEXTAREA':","                        element.value = '';","                        break;","                    default:","                        element.textContent = '';","                    }","                });","            }","            switch (event && event.currentTarget && event.currentTarget.id) {","            case 'testRunButton1':","                // show tests","                if (document.querySelector('#testReportDiv1').style.display === 'none') {","                    document.querySelector('#testReportDiv1').style.display = 'block';","                    document.querySelector('#testRunButton1').textContent =","                        'hide internal test';","                    local.modeTest = true;","                    local.testRunDefault(local);","                // hide tests","                } else {","                    document.querySelector('#testReportDiv1').style.display = 'none';","                    document.querySelector('#testRunButton1').textContent = 'run internal test';","                }","                break;","            // custom-case","            default:","                break;","            }","            if (document.querySelector('#inputTextareaEval1') && (!event || (event &&","                    event.currentTarget &&","                    event.currentTarget.className &&","                    event.currentTarget.className.includes &&","                    event.currentTarget.className.includes('oneval')))) {","                // try to eval input-code","                try {","                    /*jslint evil: true*/","                    eval(document.querySelector('#inputTextareaEval1').value);","                } catch (errorCaught) {","                    console.error(errorCaught.stack);","                }","            }","        };","        // log stderr and stdout to #outputTextareaStdout1","        ['error', 'log'].forEach(function (key) {","            console[key + '_original'] = console[key];","            console[key] = function () {","                var element;","                console[key + '_original'].apply(console, arguments);","                element = document.querySelector('#outputTextareaStdout1');","                if (!element) {","                    return;","                }","                // append text to #outputTextareaStdout1","                element.value += Array.from(arguments).map(function (arg) {","                    return typeof arg === 'string'","                        ? arg","                        : JSON.stringify(arg, null, 4);","                }).join(' ') + '\\n';","                // scroll textarea to bottom","                element.scrollTop = element.scrollHeight;","            };","        });","        // init event-handling","        ['change', 'click', 'keyup'].forEach(function (event) {","            Array.from(document.querySelectorAll('.on' + event)).forEach(function (element) {","                element.addEventListener(event, local.testRunBrowser);","            });","        });","        // run tests","        local.testRunBrowser();","        break;","","","","    // run node js-env code - post-init","    /* istanbul ignore next */","    case 'node':","        // export local","        module.exports = local;","        // require modules","        local.fs = require('fs');","        local.http = require('http');","        local.url = require('url');","        // init assets","        local.assetsDict = local.assetsDict || {};","        /* jslint-ignore-begin */","        local.assetsDict['/assets.index.template.html'] = '\\","<!doctype html>\\n\\","<html lang=\"en\">\\n\\","<head>\\n\\","<meta charset=\"UTF-8\">\\n\\","<meta name=\"viewport\" content=\"width=device-width, initial-scale=1\">\\n\\","<title>{{env.npm_package_name}} (v{{env.npm_package_version}})</title>\\n\\","<style>\\n\\","/*csslint\\n\\","    box-sizing: false,\\n\\","    universal-selector: false\\n\\","*/\\n\\","* {\\n\\","    box-sizing: border-box;\\n\\","}\\n\\","body {\\n\\","    background: #dde;\\n\\","    font-family: Arial, Helvetica, sans-serif;\\n\\","    margin: 2rem;\\n\\","}\\n\\","body > * {\\n\\","    margin-bottom: 1rem;\\n\\","}\\n\\",".utility2FooterDiv {\\n\\","    margin-top: 20px;\\n\\","    text-align: center;\\n\\","}\\n\\","</style>\\n\\","<style>\\n\\","/*csslint\\n\\","*/\\n\\","textarea {\\n\\","    font-family: monospace;\\n\\","    height: 10rem;\\n\\","    width: 100%;\\n\\","}\\n\\","textarea[readonly] {\\n\\","    background: #ddd;\\n\\","}\\n\\","</style>\\n\\","</head>\\n\\","<body>\\n\\","<!-- utility2-comment\\n\\","<div id=\"ajaxProgressDiv1\" style=\"background: #d00; height: 2px; left: 0; margin: 0; padding: 0; position: fixed; top: 0; transition: background 0.5s, width 1.5s; width: 25%;\"></div>\\n\\","utility2-comment -->\\n\\","<h1>\\n\\","<!-- utility2-comment\\n\\","    <a\\n\\","        {{#if env.npm_package_homepage}}\\n\\","        href=\"{{env.npm_package_homepage}}\"\\n\\","        {{/if env.npm_package_homepage}}\\n\\","        target=\"_blank\"\\n\\","    >\\n\\","utility2-comment -->\\n\\","        {{env.npm_package_name}} (v{{env.npm_package_version}})\\n\\","<!-- utility2-comment\\n\\","    </a>\\n\\","utility2-comment -->\\n\\","</h1>\\n\\","<h3>{{env.npm_package_description}}</h3>\\n\\","<!-- utility2-comment\\n\\","<h4><a download href=\"assets.app.js\">download standalone app</a></h4>\\n\\","<button class=\"onclick onreset\" id=\"testRunButton1\">run internal test</button><br>\\n\\","<div id=\"testReportDiv1\" style=\"display: none;\"></div>\\n\\","utility2-comment -->\\n\\","\\n\\","\\n\\","\\n\\","<label>stderr and stdout</label>\\n\\","<textarea class=\"resettable\" id=\"outputTextareaStdout1\" readonly></textarea>\\n\\","<!-- utility2-comment\\n\\","{{#if isRollup}}\\n\\","<script src=\"assets.app.js\"></script>\\n\\","{{#unless isRollup}}\\n\\","utility2-comment -->\\n\\","<script src=\"assets.utility2.rollup.js\"></script>\\n\\","<script src=\"jsonp.utility2._stateInit?callback=window.utility2._stateInit\"></script>\\n\\","<script src=\"assets.npmtest_mongoskin.rollup.js\"></script>\\n\\","<script src=\"assets.example.js\"></script>\\n\\","<script src=\"assets.test.js\"></script>\\n\\","<!-- utility2-comment\\n\\","{{/if isRollup}}\\n\\","utility2-comment -->\\n\\","<div class=\"utility2FooterDiv\">\\n\\","    [ this app was created with\\n\\","    <a href=\"https://github.com/kaizhu256/node-utility2\" target=\"_blank\">utility2</a>\\n\\","    ]\\n\\","</div>\\n\\","</body>\\n\\","</html>\\n\\","';","        /* jslint-ignore-end */","        if (local.templateRender) {","            local.assetsDict['/'] = local.templateRender(","                local.assetsDict['/assets.index.template.html'],","                {","                    env: local.objectSetDefault(local.env, {","                        npm_package_description: 'the greatest app in the world!',","                        npm_package_name: 'my-app',","                        npm_package_nameAlias: 'my_app',","                        npm_package_version: '0.0.1'","                    })","                }","            );","        } else {","            local.assetsDict['/'] = local.assetsDict['/assets.index.template.html']","                .replace((/\\{\\{env\\.(\\w+?)\\}\\}/g), function (match0, match1) {","                    // jslint-hack","                    String(match0);","                    switch (match1) {","                    case 'npm_package_description':","                        return 'the greatest app in the world!';","                    case 'npm_package_name':","                        return 'my-app';","                    case 'npm_package_nameAlias':","                        return 'my_app';","                    case 'npm_package_version':","                        return '0.0.1';","                    }","                });","        }","        // run the cli","        if (local.global.utility2_rollup || module !== require.main) {","            break;","        }","        local.assetsDict['/assets.example.js'] =","            local.assetsDict['/assets.example.js'] ||","            local.fs.readFileSync(__filename, 'utf8');","        local.assetsDict['/assets.npmtest_mongoskin.rollup.js'] =","            local.assetsDict['/assets.npmtest_mongoskin.rollup.js'] ||","            local.fs.readFileSync(","                // buildCustomOrg-hack","                local.npmtest_mongoskin.__dirname +","                    '/lib.npmtest_mongoskin.js',","                'utf8'","            ).replace((/^#!/), '//');","        local.assetsDict['/favicon.ico'] = local.assetsDict['/favicon.ico'] || '';","        // if $npm_config_timeout_exit exists,","        // then exit this process after $npm_config_timeout_exit ms","        if (Number(process.env.npm_config_timeout_exit)) {","            setTimeout(process.exit, Number(process.env.npm_config_timeout_exit));","        }","        // start server","        if (local.global.utility2_serverHttp1) {","            break;","        }","        process.env.PORT = process.env.PORT || '8081';","        console.error('server starting on port ' + process.env.PORT);","        local.http.createServer(function (request, response) {","            request.urlParsed = local.url.parse(request.url);","            if (local.assetsDict[request.urlParsed.pathname] !== undefined) {","                response.end(local.assetsDict[request.urlParsed.pathname]);","                return;","            }","            response.statusCode = 404;","            response.end();","        }).listen(process.env.PORT);","        break;","    }","}());",""],"l":{"26":2,"28":2,"33":2,"35":2,"37":2,"38":2,"39":2,"44":1,"51":2,"55":2,"59":2,"61":2,"69":1,"70":2,"76":2,"79":2,"82":2,"83":2,"85":1,"89":2,"92":1,"93":1,"94":1,"96":1,"97":1,"100":1,"101":1,"103":1,"106":1,"108":2,"114":1,"116":1,"118":1,"123":1,"124":2,"125":2,"126":2,"127":2,"128":2,"129":2,"130":1,"133":2,"134":2,"139":2,"143":1,"144":3,"145":1,"149":1,"150":1,"158":1,"160":1,"161":1,"162":1,"164":1,"166":1,"258":1,"259":1,"271":1,"274":6,"275":6,"277":1,"279":2,"281":1,"283":2,"288":1,"289":1,"291":1,"294":1,"302":1,"305":1,"306":1,"309":1,"310":1,"312":1,"313":1,"314":1,"315":1,"316":1,"317":1,"318":1,"320":1,"321":1,"323":1}},"/home/travis/build/npmtest/node-npmtest-mongoskin/mongoskin/index.js":{"path":"/home/travis/build/npmtest/node-npmtest-mongoskin/mongoskin/index.js","s":{"1":1},"b":{},"f":{},"fnMap":{},"statementMap":{"1":{"start":{"line":1,"column":0},"end":{"line":1,"column":35}}},"branchMap":{},"code":["module.exports = require('./lib/');",""],"l":{"1":1}},"/home/travis/build/npmtest/node-npmtest-mongoskin/mongoskin/lib/index.js":{"path":"/home/travis/build/npmtest/node-npmtest-mongoskin/mongoskin/lib/index.js","s":{"1":1,"2":1,"3":33,"4":1,"5":6,"6":6,"7":6,"8":6,"9":1,"10":1,"11":1},"b":{"1":[6,0]},"f":{"1":6},"fnMap":{"1":{"name":"(anonymous_1)","line":24,"loc":{"start":{"line":24,"column":79},"end":{"line":24,"column":96}}}},"statementMap":{"1":{"start":{"line":14,"column":0},"end":{"line":14,"column":31}},"2":{"start":{"line":19,"column":0},"end":{"line":21,"column":1}},"3":{"start":{"line":20,"column":2},"end":{"line":20,"column":28}},"4":{"start":{"line":24,"column":1},"end":{"line":31,"column":3}},"5":{"start":{"line":25,"column":4},"end":{"line":25,"column":38}},"6":{"start":{"line":26,"column":4},"end":{"line":30,"column":5}},"7":{"start":{"line":27,"column":6},"end":{"line":29,"column":7}},"8":{"start":{"line":28,"column":8},"end":{"line":28,"column":47}},"9":{"start":{"line":33,"column":0},"end":{"line":33,"column":37}},"10":{"start":{"line":34,"column":0},"end":{"line":34,"column":35}},"11":{"start":{"line":36,"column":0},"end":{"line":36,"column":41}}},"branchMap":{"1":{"line":27,"type":"if","locations":[{"start":{"line":27,"column":6},"end":{"line":27,"column":6}},{"start":{"line":27,"column":6},"end":{"line":27,"column":6}}]}},"code":["/*!"," * mongoskin - index.js"," *"," * Copyright(c) 2011 - 2012 kissjs.org"," * MIT Licensed"," */","","\"use strict\";","","/**"," * Module dependencies."," */","","var mongo = require('mongodb');","","/*"," * exports mongo classes ObjectID Long Code DbRef ... to mongoskin"," */","for (var key in mongo) {","  exports[key] = mongo[key];","}","","// exports.Foo = SkinFoo;",";['mongo_client', 'db', 'collection', 'cursor', 'admin', 'grid_store'].forEach(function(modPath){","    var mod = require('./' + modPath);","    for(var name in mod) {","      if(name.indexOf('Skin') == 0) {","        exports[name.substring(4)] = mod[name];","      }","    }","});","","exports.helper = require('./helper');","exports.utils = require('./utils');","","exports.db = exports.MongoClient.connect;",""],"l":{"14":1,"19":1,"20":33,"24":1,"25":6,"26":6,"27":6,"28":6,"33":1,"34":1,"36":1}},"/home/travis/build/npmtest/node-npmtest-mongoskin/mongoskin/lib/mongo_client.js":{"path":"/home/travis/build/npmtest/node-npmtest-mongoskin/mongoskin/lib/mongo_client.js","s":{"1":1,"2":1,"3":1,"4":1,"5":1,"6":1,"7":1,"8":0,"9":0,"10":0,"11":0},"b":{},"f":{"1":0},"fnMap":{"1":{"name":"(anonymous_1)","line":10,"loc":{"start":{"line":10,"column":26},"end":{"line":10,"column":37}}}},"statementMap":{"1":{"start":{"line":1,"column":0},"end":{"line":1,"column":33}},"2":{"start":{"line":2,"column":0},"end":{"line":2,"column":38}},"3":{"start":{"line":3,"column":0},"end":{"line":3,"column":31}},"4":{"start":{"line":5,"column":0},"end":{"line":5,"column":36}},"5":{"start":{"line":7,"column":0},"end":{"line":7,"column":61}},"6":{"start":{"line":8,"column":0},"end":{"line":8,"column":42}},"7":{"start":{"line":10,"column":0},"end":{"line":15,"column":1}},"8":{"start":{"line":11,"column":2},"end":{"line":11,"column":38}},"9":{"start":{"line":12,"column":2},"end":{"line":12,"column":24}},"10":{"start":{"line":13,"column":2},"end":{"line":13,"column":26}},"11":{"start":{"line":14,"column":2},"end":{"line":14,"column":12}}},"branchMap":{},"code":["var mongodb = require('mongodb');","var MongoClient = mongodb.MongoClient;","var utils = require('./utils');","","var SkinDb = require('./db').SkinDb;","","var SkinMongoClient = utils.makeSkinClass(MongoClient, true);","exports.SkinMongoClient = SkinMongoClient;","","SkinMongoClient.connect = function() {","  var args = [].slice.call(arguments);","  var db = new SkinDb();","  db._connect_args = args;","  return db;","}",""],"l":{"1":1,"2":1,"3":1,"5":1,"7":1,"8":1,"10":1,"11":0,"12":0,"13":0,"14":0}},"/home/travis/build/npmtest/node-npmtest-mongoskin/mongoskin/lib/utils.js":{"path":"/home/travis/build/npmtest/node-npmtest-mongoskin/mongoskin/lib/utils.js","s":{"1":1,"2":1,"3":1,"4":1,"5":1,"6":1,"7":1,"8":1,"9":0,"10":0,"11":0,"12":0,"13":6,"14":1,"15":0,"16":0,"17":0,"18":0,"19":0,"20":0,"21":0,"22":0,"23":0,"24":0,"25":0,"26":6,"27":1,"28":201,"29":201,"30":201,"31":38,"32":38,"33":163,"34":201,"35":188,"36":13,"37":11,"38":11,"39":11,"40":1,"41":6,"42":188,"43":0,"44":0,"45":0,"46":0,"47":0,"48":0,"49":0,"50":0,"51":6,"52":11,"53":0,"54":6,"55":1,"56":0,"57":0,"58":0,"59":0,"60":6,"61":210,"62":201,"63":6,"64":0,"65":0,"66":0,"67":0,"68":0,"69":0,"70":0,"71":0,"72":0,"73":0,"74":0,"75":0,"76":0,"77":0,"78":0,"79":6,"80":0,"81":0,"82":0,"83":0,"84":0,"85":0,"86":0,"87":0,"88":0,"89":0,"90":0,"91":6,"92":0,"93":0,"94":0,"95":0,"96":6,"97":0,"98":6},"b":{"1":[0,0],"2":[0,0],"3":[0,0],"4":[0,0],"5":[0,0],"6":[38,163],"7":[188,13],"8":[11,2],"9":[11,0],"10":[1,10],"11":[0,0],"12":[0,0],"13":[0,0],"14":[0,0],"15":[201,9],"16":[0,0,0],"17":[0,0],"18":[0,0],"19":[0,0],"20":[0,0],"21":[0,0],"22":[0,0],"23":[0,0]},"f":{"1":6,"2":0,"3":0,"4":201,"5":188,"6":0,"7":0,"8":11,"9":0,"10":1,"11":0,"12":0,"13":0,"14":0,"15":0,"16":0,"17":0,"18":0},"fnMap":{"1":{"name":"makeSkinClass","line":22,"loc":{"start":{"line":22,"column":24},"end":{"line":22,"column":82}}},"2":{"name":"onError","line":24,"loc":{"start":{"line":24,"column":2},"end":{"line":24,"column":37}}},"3":{"name":"SkinClass","line":34,"loc":{"start":{"line":34,"column":2},"end":{"line":34,"column":23}}},"4":{"name":"bindSkin","line":51,"loc":{"start":{"line":51,"column":2},"end":{"line":51,"column":30}}},"5":{"name":"(anonymous_5)","line":77,"loc":{"start":{"line":77,"column":26},"end":{"line":77,"column":45}}},"6":{"name":"(anonymous_6)","line":78,"loc":{"start":{"line":78,"column":36},"end":{"line":78,"column":47}}},"7":{"name":"(anonymous_7)","line":83,"loc":{"start":{"line":83,"column":18},"end":{"line":83,"column":42}}},"8":{"name":"(anonymous_8)","line":95,"loc":{"start":{"line":95,"column":26},"end":{"line":95,"column":45}}},"9":{"name":"(anonymous_9)","line":96,"loc":{"start":{"line":96,"column":53},"end":{"line":96,"column":64}}},"10":{"name":"(anonymous_10)","line":101,"loc":{"start":{"line":101,"column":26},"end":{"line":101,"column":45}}},"11":{"name":"(anonymous_11)","line":102,"loc":{"start":{"line":102,"column":53},"end":{"line":102,"column":69}}},"12":{"name":"(anonymous_12)","line":104,"loc":{"start":{"line":104,"column":20},"end":{"line":104,"column":44}}},"13":{"name":"(anonymous_13)","line":115,"loc":{"start":{"line":115,"column":29},"end":{"line":115,"column":48}}},"14":{"name":"(anonymous_14)","line":127,"loc":{"start":{"line":127,"column":19},"end":{"line":127,"column":43}}},"15":{"name":"(anonymous_15)","line":140,"loc":{"start":{"line":140,"column":30},"end":{"line":140,"column":50}}},"16":{"name":"(anonymous_16)","line":148,"loc":{"start":{"line":148,"column":33},"end":{"line":148,"column":52}}},"17":{"name":"(anonymous_17)","line":156,"loc":{"start":{"line":156,"column":31},"end":{"line":156,"column":50}}},"18":{"name":"(anonymous_18)","line":164,"loc":{"start":{"line":164,"column":31},"end":{"line":164,"column":42}}}},"statementMap":{"1":{"start":{"line":15,"column":0},"end":{"line":15,"column":36}},"2":{"start":{"line":16,"column":0},"end":{"line":16,"column":50}},"3":{"start":{"line":17,"column":0},"end":{"line":17,"column":37}},"4":{"start":{"line":18,"column":0},"end":{"line":18,"column":39}},"5":{"start":{"line":19,"column":0},"end":{"line":19,"column":45}},"6":{"start":{"line":20,"column":0},"end":{"line":20,"column":37}},"7":{"start":{"line":22,"column":0},"end":{"line":170,"column":1}},"8":{"start":{"line":24,"column":2},"end":{"line":31,"column":3}},"9":{"start":{"line":25,"column":4},"end":{"line":25,"column":24}},"10":{"start":{"line":26,"column":4},"end":{"line":30,"column":5}},"11":{"start":{"line":27,"column":6},"end":{"line":27,"column":14}},"12":{"start":{"line":29,"column":6},"end":{"line":29,"column":95}},"13":{"start":{"line":33,"column":2},"end":{"line":33,"column":48}},"14":{"start":{"line":34,"column":2},"end":{"line":48,"column":3}},"15":{"start":{"line":35,"column":4},"end":{"line":35,"column":39}},"16":{"start":{"line":36,"column":4},"end":{"line":36,"column":32}},"17":{"start":{"line":37,"column":4},"end":{"line":43,"column":5}},"18":{"start":{"line":38,"column":6},"end":{"line":38,"column":25}},"19":{"start":{"line":39,"column":6},"end":{"line":39,"column":59}},"20":{"start":{"line":40,"column":6},"end":{"line":40,"column":32}},"21":{"start":{"line":42,"column":6},"end":{"line":42,"column":26}},"22":{"start":{"line":44,"column":4},"end":{"line":44,"column":39}},"23":{"start":{"line":45,"column":4},"end":{"line":45,"column":38}},"24":{"start":{"line":46,"column":4},"end":{"line":46,"column":30}},"25":{"start":{"line":47,"column":4},"end":{"line":47,"column":31}},"26":{"start":{"line":49,"column":2},"end":{"line":49,"column":40}},"27":{"start":{"line":51,"column":2},"end":{"line":75,"column":3}},"28":{"start":{"line":52,"column":4},"end":{"line":52,"column":11}},"29":{"start":{"line":53,"column":4},"end":{"line":53,"column":80}},"30":{"start":{"line":54,"column":4},"end":{"line":61,"column":5}},"31":{"start":{"line":56,"column":6},"end":{"line":58,"column":19}},"32":{"start":{"line":57,"column":8},"end":{"line":57,"column":45}},"33":{"start":{"line":60,"column":6},"end":{"line":60,"column":22}},"34":{"start":{"line":62,"column":4},"end":{"line":74,"column":5}},"35":{"start":{"line":63,"column":6},"end":{"line":63,"column":38}},"36":{"start":{"line":64,"column":11},"end":{"line":74,"column":5}},"37":{"start":{"line":65,"column":6},"end":{"line":67,"column":7}},"38":{"start":{"line":66,"column":8},"end":{"line":66,"column":40}},"39":{"start":{"line":68,"column":6},"end":{"line":70,"column":7}},"40":{"start":{"line":69,"column":8},"end":{"line":69,"column":40}},"41":{"start":{"line":77,"column":2},"end":{"line":93,"column":3}},"42":{"start":{"line":78,"column":4},"end":{"line":92,"column":5}},"43":{"start":{"line":79,"column":6},"end":{"line":79,"column":42}},"44":{"start":{"line":80,"column":6},"end":{"line":90,"column":7}},"45":{"start":{"line":81,"column":8},"end":{"line":81,"column":57}},"46":{"start":{"line":83,"column":8},"end":{"line":89,"column":11}},"47":{"start":{"line":84,"column":12},"end":{"line":88,"column":13}},"48":{"start":{"line":85,"column":14},"end":{"line":85,"column":65}},"49":{"start":{"line":87,"column":14},"end":{"line":87,"column":55}},"50":{"start":{"line":91,"column":6},"end":{"line":91,"column":18}},"51":{"start":{"line":95,"column":2},"end":{"line":99,"column":3}},"52":{"start":{"line":96,"column":6},"end":{"line":98,"column":9}},"53":{"start":{"line":97,"column":10},"end":{"line":97,"column":56}},"54":{"start":{"line":101,"column":2},"end":{"line":109,"column":3}},"55":{"start":{"line":102,"column":6},"end":{"line":108,"column":9}},"56":{"start":{"line":104,"column":10},"end":{"line":107,"column":13}},"57":{"start":{"line":105,"column":14},"end":{"line":105,"column":80}},"58":{"start":{"line":105,"column":22},"end":{"line":105,"column":80}},"59":{"start":{"line":106,"column":14},"end":{"line":106,"column":41}},"60":{"start":{"line":111,"column":2},"end":{"line":113,"column":3}},"61":{"start":{"line":112,"column":4},"end":{"line":112,"column":46}},"62":{"start":{"line":112,"column":27},"end":{"line":112,"column":46}},"63":{"start":{"line":115,"column":2},"end":{"line":138,"column":3}},"64":{"start":{"line":116,"column":4},"end":{"line":136,"column":5}},"65":{"start":{"line":118,"column":8},"end":{"line":118,"column":37}},"66":{"start":{"line":119,"column":8},"end":{"line":119,"column":14}},"67":{"start":{"line":121,"column":8},"end":{"line":121,"column":45}},"68":{"start":{"line":122,"column":8},"end":{"line":122,"column":14}},"69":{"start":{"line":124,"column":8},"end":{"line":124,"column":45}},"70":{"start":{"line":125,"column":8},"end":{"line":125,"column":37}},"71":{"start":{"line":126,"column":8},"end":{"line":126,"column":24}},"72":{"start":{"line":127,"column":8},"end":{"line":135,"column":11}},"73":{"start":{"line":128,"column":12},"end":{"line":133,"column":13}},"74":{"start":{"line":129,"column":14},"end":{"line":129,"column":40}},"75":{"start":{"line":131,"column":14},"end":{"line":131,"column":39}},"76":{"start":{"line":132,"column":14},"end":{"line":132,"column":38}},"77":{"start":{"line":134,"column":12},"end":{"line":134,"column":54}},"78":{"start":{"line":137,"column":4},"end":{"line":137,"column":16}},"79":{"start":{"line":140,"column":2},"end":{"line":154,"column":3}},"80":{"start":{"line":141,"column":4},"end":{"line":151,"column":5}},"81":{"start":{"line":142,"column":6},"end":{"line":142,"column":29}},"82":{"start":{"line":143,"column":11},"end":{"line":151,"column":5}},"83":{"start":{"line":144,"column":6},"end":{"line":144,"column":32}},"84":{"start":{"line":145,"column":6},"end":{"line":145,"column":28}},"85":{"start":{"line":146,"column":11},"end":{"line":151,"column":5}},"86":{"start":{"line":147,"column":6},"end":{"line":147,"column":22}},"87":{"start":{"line":148,"column":6},"end":{"line":150,"column":9}},"88":{"start":{"line":149,"column":10},"end":{"line":149,"column":31}},"89":{"start":{"line":152,"column":4},"end":{"line":152,"column":24}},"90":{"start":{"line":153,"column":4},"end":{"line":153,"column":16}},"91":{"start":{"line":156,"column":2},"end":{"line":162,"column":3}},"92":{"start":{"line":157,"column":4},"end":{"line":161,"column":5}},"93":{"start":{"line":158,"column":6},"end":{"line":158,"column":34}},"94":{"start":{"line":159,"column":11},"end":{"line":161,"column":5}},"95":{"start":{"line":160,"column":6},"end":{"line":160,"column":17}},"96":{"start":{"line":164,"column":2},"end":{"line":166,"column":3}},"97":{"start":{"line":165,"column":4},"end":{"line":165,"column":38}},"98":{"start":{"line":168,"column":2},"end":{"line":168,"column":19}}},"branchMap":{"1":{"line":26,"type":"if","locations":[{"start":{"line":26,"column":4},"end":{"line":26,"column":4}},{"start":{"line":26,"column":4},"end":{"line":26,"column":4}}]},"2":{"line":26,"type":"binary-expr","locations":[{"start":{"line":26,"column":8},"end":{"line":26,"column":10}},{"start":{"line":26,"column":14},"end":{"line":26,"column":38}}]},"3":{"line":37,"type":"if","locations":[{"start":{"line":37,"column":4},"end":{"line":37,"column":4}},{"start":{"line":37,"column":4},"end":{"line":37,"column":4}}]},"4":{"line":37,"type":"binary-expr","locations":[{"start":{"line":37,"column":7},"end":{"line":37,"column":27}},{"start":{"line":37,"column":31},"end":{"line":37,"column":51}}]},"5":{"line":47,"type":"binary-expr","locations":[{"start":{"line":47,"column":4},"end":{"line":47,"column":14}},{"start":{"line":47,"column":18},"end":{"line":47,"column":30}}]},"6":{"line":54,"type":"if","locations":[{"start":{"line":54,"column":4},"end":{"line":54,"column":4}},{"start":{"line":54,"column":4},"end":{"line":54,"column":4}}]},"7":{"line":62,"type":"if","locations":[{"start":{"line":62,"column":4},"end":{"line":62,"column":4}},{"start":{"line":62,"column":4},"end":{"line":62,"column":4}}]},"8":{"line":64,"type":"if","locations":[{"start":{"line":64,"column":11},"end":{"line":64,"column":11}},{"start":{"line":64,"column":11},"end":{"line":64,"column":11}}]},"9":{"line":65,"type":"if","locations":[{"start":{"line":65,"column":6},"end":{"line":65,"column":6}},{"start":{"line":65,"column":6},"end":{"line":65,"column":6}}]},"10":{"line":68,"type":"if","locations":[{"start":{"line":68,"column":6},"end":{"line":68,"column":6}},{"start":{"line":68,"column":6},"end":{"line":68,"column":6}}]},"11":{"line":80,"type":"if","locations":[{"start":{"line":80,"column":6},"end":{"line":80,"column":6}},{"start":{"line":80,"column":6},"end":{"line":80,"column":6}}]},"12":{"line":84,"type":"if","locations":[{"start":{"line":84,"column":12},"end":{"line":84,"column":12}},{"start":{"line":84,"column":12},"end":{"line":84,"column":12}}]},"13":{"line":97,"type":"binary-expr","locations":[{"start":{"line":97,"column":17},"end":{"line":97,"column":29}},{"start":{"line":97,"column":33},"end":{"line":97,"column":55}}]},"14":{"line":105,"type":"if","locations":[{"start":{"line":105,"column":14},"end":{"line":105,"column":14}},{"start":{"line":105,"column":14},"end":{"line":105,"column":14}}]},"15":{"line":112,"type":"if","locations":[{"start":{"line":112,"column":4},"end":{"line":112,"column":4}},{"start":{"line":112,"column":4},"end":{"line":112,"column":4}}]},"16":{"line":116,"type":"switch","locations":[{"start":{"line":117,"column":6},"end":{"line":119,"column":14}},{"start":{"line":120,"column":6},"end":{"line":122,"column":14}},{"start":{"line":123,"column":6},"end":{"line":135,"column":11}}]},"17":{"line":128,"type":"if","locations":[{"start":{"line":128,"column":12},"end":{"line":128,"column":12}},{"start":{"line":128,"column":12},"end":{"line":128,"column":12}}]},"18":{"line":141,"type":"if","locations":[{"start":{"line":141,"column":4},"end":{"line":141,"column":4}},{"start":{"line":141,"column":4},"end":{"line":141,"column":4}}]},"19":{"line":142,"type":"binary-expr","locations":[{"start":{"line":142,"column":6},"end":{"line":142,"column":14}},{"start":{"line":142,"column":18},"end":{"line":142,"column":28}}]},"20":{"line":143,"type":"if","locations":[{"start":{"line":143,"column":11},"end":{"line":143,"column":11}},{"start":{"line":143,"column":11},"end":{"line":143,"column":11}}]},"21":{"line":146,"type":"if","locations":[{"start":{"line":146,"column":11},"end":{"line":146,"column":11}},{"start":{"line":146,"column":11},"end":{"line":146,"column":11}}]},"22":{"line":157,"type":"if","locations":[{"start":{"line":157,"column":4},"end":{"line":157,"column":4}},{"start":{"line":157,"column":4},"end":{"line":157,"column":4}}]},"23":{"line":159,"type":"if","locations":[{"start":{"line":159,"column":11},"end":{"line":159,"column":11}},{"start":{"line":159,"column":11},"end":{"line":159,"column":11}}]}},"code":["/*!"," * mongoskin - utils.js"," *"," * Copyright(c) 2011 - 2012 kissjs.org"," * Copyright(c) 2012 fengmk2 <fengmk2@gmail.com>"," * MIT Licensed"," */","","\"use strict\";","","/**"," * Module dependencies."," */","","var __slice = Array.prototype.slice;","var EventEmitter = require('events').EventEmitter;","var constant = require('./constant');","var STATE_CLOSE = constant.STATE_CLOSE;","var STATE_OPENNING = constant.STATE_OPENNING;","var STATE_OPEN = constant.STATE_OPEN;","","exports.makeSkinClass = function makeSkinClass(NativeClass, useNativeConstructor) {","","  function onError (err, args, name) {","    var cb = args.pop();","    if (cb && typeof cb === 'function') {","      cb(err);","    } else {","      console.error(\"Error occured with no callback to handle it while calling \" + name,  err);","    }","  };","","  var skinClassName = 'Skin' + NativeClass.name;","  function SkinClass() {","    var args = __slice.call(arguments);","    this._construct_args = args;","    if(useNativeConstructor && arguments.length > 0) {","      args.unshift(null);","      var ctor = NativeClass.bind.apply(NativeClass, args);","      this._native = new ctor();","    } else {","      this._native = null;","    }","    this._emitter = new EventEmitter();","    this._emitter.setMaxListeners(50);","    this._state = STATE_CLOSE;","    this._init && this._init();","  }","  SkinClass._class_name = skinClassName;","","  function bindSkin(propName) {","    var fn;","    var desc = Object.getOwnPropertyDescriptor(NativeClass.prototype, propName);","    if(!desc) {","      // console.log('no desc', skinClassName, propName, desc);","      try{","        fn = NativeClass.prototype[propName];","      } catch(e) {}","    } else {","      fn = desc.value;","    }","    if(typeof fn == 'function') {","      SkinClass._bindMethod(propName);","    } else if(desc) {","      if (desc.get) {","        SkinClass._bindGetter(propName);","      }","      if (desc.set) {","        SkinClass._bindSetter(propName);","      }","    // } else {","    //   this will never be called, so comment it.","    //   console.log('no desc and no value', skinClassName, propName);","    }","  }","","  SkinClass._bindMethod = function(propName) {","    SkinClass.prototype[propName] = function() {","      var args = __slice.apply(arguments);","      if (this._state == STATE_OPEN) {","        this._native[propName].apply(this._native, args);","      } else {","        this.open(function(err, p_native) {","            if (err) {","              onError(err, args, skinClassName + '.' + propName);","            } else {","              p_native[propName].apply(p_native, args);","            }","        });","      }","      return this;","    }","  }","","  SkinClass._bindGetter = function(propName) {","      SkinClass.prototype.__defineGetter__(propName, function() {","          return this._native && this._native[propName];// || this['_prop_' + propName];","      });","  }","","  SkinClass._bindSetter = function(propName) {","      SkinClass.prototype.__defineSetter__(propName, function(value) {","          // this['_prop_' + propName] = value;","          this.open(function(err, p_native) {","              if(err) return onError(err, args, skinClassName + '.' + propName);","              p_native[propName] = value;","          });","      });","  }","","  for(var propName in NativeClass.prototype) {","    if(propName[0] != '_') bindSkin(propName);","  }","","  SkinClass.prototype.open = function(callback) {","    switch (this._state) {","      case STATE_OPEN:","        callback(null, this._native);","        break;","      case STATE_OPENNING:","        this._emitter.once('open', callback);","        break;","      default:","        this._emitter.once('open', callback);","        this._state = STATE_OPENNING;","        var self = this;","        this._open(function(err, p_native) {","            if (err) {","              self._state = STATE_CLOSE;","            } else {","              self._state = STATE_OPEN;","              self._native = p_native;","            }","            self._emitter.emit('open', err, p_native);","        });","    }","    return this;","  }","","  SkinClass.prototype.close = function (callback) {","    if (this._state === STATE_CLOSE) {","      callback && callback();","    } else if (this._state === STATE_OPEN) {","      this._state = STATE_CLOSE;","      this._close(callback);","    } else if (this._state === STATE_OPENNING) {","      var self = this;","      this._emitter.once('open', function (err, db) {","          self.close(callback);","      });","    }","    this._native = null;","    return this;","  }","","  SkinClass.prototype._close = function(callback) {","    if(this._native.close) {","      this._native.close(callback)","    } else if(callback) {","      callback();","    }","  }","","  SkinClass.prototype.isOpen = function() {","    return this._state === STATE_OPEN;","  }","","  return SkinClass;","","}",""],"l":{"15":1,"16":1,"17":1,"18":1,"19":1,"20":1,"22":1,"24":1,"25":0,"26":0,"27":0,"29":0,"33":6,"34":1,"35":0,"36":0,"37":0,"38":0,"39":0,"40":0,"42":0,"44":0,"45":0,"46":0,"47":0,"49":6,"51":1,"52":201,"53":201,"54":201,"56":38,"57":38,"60":163,"62":201,"63":188,"64":13,"65":11,"66":11,"68":11,"69":1,"77":6,"78":188,"79":0,"80":0,"81":0,"83":0,"84":0,"85":0,"87":0,"91":0,"95":6,"96":11,"97":0,"101":6,"102":1,"104":0,"105":0,"106":0,"111":6,"112":210,"115":6,"116":0,"118":0,"119":0,"121":0,"122":0,"124":0,"125":0,"126":0,"127":0,"128":0,"129":0,"131":0,"132":0,"134":0,"137":0,"140":6,"141":0,"142":0,"143":0,"144":0,"145":0,"146":0,"147":0,"148":0,"149":0,"152":0,"153":0,"156":6,"157":0,"158":0,"159":0,"160":0,"164":6,"165":0,"168":6}},"/home/travis/build/npmtest/node-npmtest-mongoskin/mongoskin/lib/constant.js":{"path":"/home/travis/build/npmtest/node-npmtest-mongoskin/mongoskin/lib/constant.js","s":{"1":1,"2":1,"3":1,"4":1},"b":{},"f":{},"fnMap":{},"statementMap":{"1":{"start":{"line":11,"column":0},"end":{"line":11,"column":29}},"2":{"start":{"line":13,"column":0},"end":{"line":13,"column":24}},"3":{"start":{"line":14,"column":0},"end":{"line":14,"column":27}},"4":{"start":{"line":15,"column":0},"end":{"line":15,"column":23}}},"branchMap":{},"code":["/*!"," * mongoskin - constant.js"," *"," * Copyright(c) 2011 - 2012 kissjs.org"," * Copyright(c) 2012 fengmk2 <fengmk2@gmail.com>"," * MIT Licensed"," */","","\"use strict\";","","exports.DEFAULT_PORT = 27017;","","exports.STATE_CLOSE = 0;","exports.STATE_OPENNING = 1;","exports.STATE_OPEN = 2;"],"l":{"11":1,"13":1,"14":1,"15":1}},"/home/travis/build/npmtest/node-npmtest-mongoskin/mongoskin/lib/db.js":{"path":"/home/travis/build/npmtest/node-npmtest-mongoskin/mongoskin/lib/db.js","s":{"1":1,"2":1,"3":1,"4":1,"5":1,"6":1,"7":1,"8":1,"9":1,"10":0,"11":0,"12":0,"13":0,"14":0,"15":1,"16":0,"17":0,"18":0,"19":0,"20":1,"21":0,"22":1,"23":1,"24":0,"25":1,"26":0,"27":0,"28":0,"29":0,"30":0},"b":{"1":[0,0],"2":[0,0]},"f":{"1":0,"2":0,"3":0,"4":0,"5":0},"fnMap":{"1":{"name":"(anonymous_1)","line":29,"loc":{"start":{"line":29,"column":25},"end":{"line":29,"column":44}}},"2":{"name":"(anonymous_2)","line":47,"loc":{"start":{"line":47,"column":30},"end":{"line":47,"column":55}}},"3":{"name":"(anonymous_3)","line":65,"loc":{"start":{"line":65,"column":24},"end":{"line":65,"column":49}}},"4":{"name":"(anonymous_4)","line":70,"loc":{"start":{"line":70,"column":25},"end":{"line":70,"column":37}}},"5":{"name":"(anonymous_5)","line":74,"loc":{"start":{"line":74,"column":29},"end":{"line":74,"column":41}}}},"statementMap":{"1":{"start":{"line":16,"column":0},"end":{"line":16,"column":33}},"2":{"start":{"line":17,"column":0},"end":{"line":17,"column":20}},"3":{"start":{"line":18,"column":0},"end":{"line":18,"column":38}},"4":{"start":{"line":19,"column":0},"end":{"line":19,"column":31}},"5":{"start":{"line":20,"column":0},"end":{"line":20,"column":45}},"6":{"start":{"line":21,"column":0},"end":{"line":21,"column":60}},"7":{"start":{"line":22,"column":0},"end":{"line":22,"column":58}},"8":{"start":{"line":27,"column":0},"end":{"line":27,"column":60}},"9":{"start":{"line":29,"column":0},"end":{"line":37,"column":1}},"10":{"start":{"line":31,"column":2},"end":{"line":36,"column":3}},"11":{"start":{"line":32,"column":4},"end":{"line":32,"column":32}},"12":{"start":{"line":33,"column":9},"end":{"line":36,"column":3}},"13":{"start":{"line":34,"column":4},"end":{"line":34,"column":51}},"14":{"start":{"line":35,"column":4},"end":{"line":35,"column":49}},"15":{"start":{"line":47,"column":0},"end":{"line":58,"column":2}},"16":{"start":{"line":54,"column":2},"end":{"line":54,"column":40}},"17":{"start":{"line":55,"column":2},"end":{"line":55,"column":29}},"18":{"start":{"line":56,"column":2},"end":{"line":56,"column":48}},"19":{"start":{"line":57,"column":2},"end":{"line":57,"column":20}},"20":{"start":{"line":65,"column":0},"end":{"line":67,"column":1}},"21":{"start":{"line":66,"column":2},"end":{"line":66,"column":53}},"22":{"start":{"line":69,"column":0},"end":{"line":69,"column":49}},"23":{"start":{"line":70,"column":0},"end":{"line":72,"column":1}},"24":{"start":{"line":71,"column":2},"end":{"line":71,"column":29}},"25":{"start":{"line":74,"column":0},"end":{"line":80,"column":1}},"26":{"start":{"line":75,"column":2},"end":{"line":75,"column":42}},"27":{"start":{"line":76,"column":2},"end":{"line":76,"column":51}},"28":{"start":{"line":77,"column":2},"end":{"line":77,"column":21}},"29":{"start":{"line":78,"column":2},"end":{"line":78,"column":39}},"30":{"start":{"line":79,"column":2},"end":{"line":79,"column":23}}},"branchMap":{"1":{"line":31,"type":"if","locations":[{"start":{"line":31,"column":2},"end":{"line":31,"column":2}},{"start":{"line":31,"column":2},"end":{"line":31,"column":2}}]},"2":{"line":33,"type":"if","locations":[{"start":{"line":33,"column":9},"end":{"line":33,"column":9}},{"start":{"line":33,"column":9},"end":{"line":33,"column":9}}]}},"code":["/*!"," * mongoskin - db.js"," *"," * Copyright(c) 2011 - 2012 kissjs.org"," * Copyright(c) 2012 fengmk2 <fengmk2@gmail.com>"," * MIT Licensed"," */","","\"use strict\";","","/**"," * Module dependencies."," * TODO db.gridfs()"," */","","var mongodb = require('mongodb');","var Db = mongodb.Db;","var MongoClient = mongodb.MongoClient;","var utils = require('./utils');","var SkinAdmin = require('./admin').SkinAdmin;","var SkinCollection = require('./collection').SkinCollection;","var SkinGridStore = require('./grid_store').SkinGridStore;","","/**"," * Constructor"," */","var SkinDb = exports.SkinDb = utils.makeSkinClass(Db, true);","","SkinDb.prototype._open = function(callback) {","  // TODO authenticate support","  if(this._native) {","    this._native.open(callback);","  } else if(this._connect_args) {","    var args = this._connect_args.concat(callback);","    MongoClient.connect.apply(MongoClient, args);","  }","}","","/**"," * Create or retrieval skin collection"," *"," * @param {String} name, the collection name."," * @param {Object} [options] collection options."," * @return {SkinCollection}"," * @api public"," */","SkinDb.prototype.collection = function (name, options) {","  // Ooops, no extended mthods like findById etc.","  // if(this.isOpen() && (!options || !options.strict) && !callback) {","  //   // mongodb now support collection without callback","  //   // see: http://mongodb.github.io/node-mongodb-native/api-generated/db.html#collection","  //   return this._native.collection(name, options);","  // }","  var collection = new SkinCollection();","  collection._skin_db = this;","  collection._collection_args = [name, options];","  return collection;","};","","/**"," * @param {String} name the collection name"," * @param {Object} [options] collection options"," * @return {SkinCollection} collection"," */","SkinDb.prototype.bind = function (name, options) {","  return this[name] = this.collection(name, options);","}","","SkinDb.prototype._admin = SkinDb.prototype.admin;","SkinDb.prototype.admin = function () {","  return new SkinAdmin(this);","}","","SkinDb.prototype.gridStore = function () {","  var skinGridStore = new SkinGridStore();","  var args = Array.prototype.slice.call(arguments);","  args.unshift(this);","  skinGridStore._construct_args = args;","  return skinGridStore;","}",""],"l":{"16":1,"17":1,"18":1,"19":1,"20":1,"21":1,"22":1,"27":1,"29":1,"31":0,"32":0,"33":0,"34":0,"35":0,"47":1,"54":0,"55":0,"56":0,"57":0,"65":1,"66":0,"69":1,"70":1,"71":0,"74":1,"75":0,"76":0,"77":0,"78":0,"79":0}},"/home/travi
[...]
51,"column":6},"end":{"line":51,"column":47}},"18":{"start":{"line":58,"column":0},"end":{"line":58,"column":63}},"19":{"start":{"line":82,"column":0},"end":{"line":93,"column":2}},"20":{"start":{"line":83,"column":2},"end":{"line":83,"column":37}},"21":{"start":{"line":84,"column":2},"end":{"line":84,"column":33}},"22":{"start":{"line":85,"column":2},"end":{"line":90,"column":4}},"23":{"start":{"line":86,"column":4},"end":{"line":88,"column":5}},"24":{"start":{"line":87,"column":6},"end":{"line":87,"column":21}},"25":{"start":{"line":89,"column":4},"end":{"line":89,"column":23}},"26":{"start":{"line":91,"column":2},"end":{"line":91,"column":30}},"27":{"start":{"line":92,"column":2},"end":{"line":92,"column":14}},"28":{"start":{"line":104,"column":0},"end":{"line":115,"column":2}},"29":{"start":{"line":105,"column":2},"end":{"line":105,"column":37}},"30":{"start":{"line":106,"column":2},"end":{"line":106,"column":33}},"31":{"start":{"line":107,"column":2},"end":{"line":112,"column":4}},"32":{"start":{"line":108,"column":4},"end":{"line":110,"column":5}},"33":{"start":{"line":109,"column":6},"end":{"line":109,"column":21}},"34":{"start":{"line":111,"column":4},"end":{"line":111,"column":20}},"35":{"start":{"line":113,"column":2},"end":{"line":113,"column":30}},"36":{"start":{"line":114,"column":2},"end":{"line":114,"column":14}},"37":{"start":{"line":126,"column":0},"end":{"line":131,"column":2}},"38":{"start":{"line":127,"column":2},"end":{"line":127,"column":28}},"39":{"start":{"line":128,"column":2},"end":{"line":128,"column":41}},"40":{"start":{"line":129,"column":2},"end":{"line":129,"column":37}},"41":{"start":{"line":130,"column":2},"end":{"line":130,"column":14}},"42":{"start":{"line":141,"column":0},"end":{"line":143,"column":2}},"43":{"start":{"line":142,"column":2},"end":{"line":142,"column":53}},"44":{"start":{"line":153,"column":0},"end":{"line":162,"column":2}},"45":{"start":{"line":154,"column":2},"end":{"line":154,"column":23}},"46":{"start":{"line":155,"column":2},"end":{"line":155,"column":19}},"47":{"start":{"line":156,"column":2},"end":{"line":160,"column":3}},"48":{"start":{"line":157,"column":4},"end":{"line":159,"column":6}},"49":{"start":{"line":158,"column":6},"end":{"line":158,"column":58}},"50":{"start":{"line":161,"column":2},"end":{"line":161,"column":62}},"51":{"start":{"line":171,"column":0},"end":{"line":180,"column":2}},"52":{"start":{"line":172,"column":2},"end":{"line":172,"column":23}},"53":{"start":{"line":173,"column":2},"end":{"line":173,"column":19}},"54":{"start":{"line":174,"column":2},"end":{"line":178,"column":3}},"55":{"start":{"line":175,"column":4},"end":{"line":177,"column":6}},"56":{"start":{"line":176,"column":6},"end":{"line":176,"column":60}},"57":{"start":{"line":179,"column":2},"end":{"line":179,"column":57}},"58":{"start":{"line":192,"column":0},"end":{"line":206,"column":2}},"59":{"start":{"line":193,"column":2},"end":{"line":193,"column":37}},"60":{"start":{"line":194,"column":2},"end":{"line":196,"column":3}},"61":{"start":{"line":195,"column":4},"end":{"line":195,"column":55}},"62":{"start":{"line":197,"column":2},"end":{"line":205,"column":3}},"63":{"start":{"line":198,"column":4},"end":{"line":198,"column":33}},"64":{"start":{"line":199,"column":4},"end":{"line":199,"column":16}},"65":{"start":{"line":201,"column":4},"end":{"line":201,"column":34}},"66":{"start":{"line":202,"column":4},"end":{"line":202,"column":35}},"67":{"start":{"line":203,"column":4},"end":{"line":203,"column":29}},"68":{"start":{"line":204,"column":4},"end":{"line":204,"column":18}}},"branchMap":{"1":{"line":39,"type":"if","locations":[{"start":{"line":39,"column":4},"end":{"line":39,"column":4}},{"start":{"line":39,"column":4},"end":{"line":39,"column":4}}]},"2":{"line":50,"type":"if","locations":[{"start":{"line":50,"column":6},"end":{"line":50,"column":6}},{"start":{"line":50,"column":6},"end":{"line":50,"column":6}}]},"3":{"line":86,"type":"if","locations":[{"start":{"line":86,"column":4},"end":{"line":86,"column":4}},{"start":{"line":86,"column":4},"end":{"line":86,"column":4}}]},"4":{"line":108,"type":"if","locations":[{"start":{"line":108,"column":4},"end":{"line":108,"column":4}},{"start":{"line":108,"column":4},"end":{"line":108,"column":4}}]},"5":{"line":156,"type":"if","locations":[{"start":{"line":156,"column":2},"end":{"line":156,"column":2}},{"start":{"line":156,"column":2},"end":{"line":156,"column":2}}]},"6":{"line":158,"type":"cond-expr","locations":[{"start":{"line":158,"column":39},"end":{"line":158,"column":49}},{"start":{"line":158,"column":52},"end":{"line":158,"column":56}}]},"7":{"line":174,"type":"if","locations":[{"start":{"line":174,"column":2},"end":{"line":174,"column":2}},{"start":{"line":174,"column":2},"end":{"line":174,"column":2}}]},"8":{"line":176,"type":"cond-expr","locations":[{"start":{"line":176,"column":39},"end":{"line":176,"column":51}},{"start":{"line":176,"column":54},"end":{"line":176,"column":58}}]},"9":{"line":194,"type":"if","locations":[{"start":{"line":194,"column":2},"end":{"line":194,"column":2}},{"start":{"line":194,"column":2},"end":{"line":194,"column":2}}]},"10":{"line":197,"type":"if","locations":[{"start":{"line":197,"column":2},"end":{"line":197,"column":2}},{"start":{"line":197,"column":2},"end":{"line":197,"column":2}}]},"11":{"line":197,"type":"binary-expr","locations":[{"start":{"line":197,"column":6},"end":{"line":197,"column":21}},{"start":{"line":197,"column":25},"end":{"line":197,"column":68}}]}},"code":["/*!"," * mongoskin - collection.js"," *"," * Copyright(c) 2011 - 2012 kissjs.org"," * Copyright(c) 2012 fengmk2 <fengmk2@gmail.com>"," * MIT Licensed"," */","","\"use strict\";","","/**"," * Module dependencies."," */","var __slice = Array.prototype.slice;","var Collection = require('mongodb').Collection;","var SkinCursor = require('./cursor').SkinCursor;","var helper = require('./helper');","var utils = require('./utils');","","/**"," * Constructor"," */","var SkinCollection = exports.SkinCollection = utils.makeSkinClass(Collection);","","/**"," * bind extend functions to collection"," *"," * e.g."," *"," * db.bind('article').bind({"," *   getPostByAuthor: function(id, callback) {"," *      this.findOne({author_id: id}, callback);"," *   }"," * });"," *"," */","SkinCollection.prototype.bind = function(extendObject) {","  for(var key in extendObject) {","    if(typeof extendObject[key] == 'function') {","      this[key] = extendObject[key].bind(this);","    } else {","      this[key] = extendObject[key];","    }","  }","}","","SkinCollection.prototype._open = function(callback) {","  var collection_args = this._collection_args.concat([callback]);","  this._skin_db.open(function(err, db) {","      if(err) return callback(err);","      db.collection.apply(db, collection_args);","  });","}","","/*"," * find is a special method, because it could return a SkinCursor instance"," */","SkinCollection.prototype._find = SkinCollection.prototype.find;","","/**"," * same args as find, but use Array as callback result but not use Cursor"," *"," * findItems(args, function (err, items) {});"," *"," * same as"," *"," * find(args).toArray(function (err, items) {});"," *"," * or using `mongodb.collection.find()`"," *"," * find(args, function (err, cursor) {"," *   cursor.toArray(function (err, items) {"," *   });"," * });"," *"," * @param {Object} [query]"," * @param {Object} [options]"," * @param {Function(err, docs)} callback"," * @return {SkinCollection} this"," * @api public"," */","SkinCollection.prototype.findItems = function (query, options, callback) {","  var args = __slice.call(arguments);","  var fn = args[args.length - 1];","  args[args.length - 1] = function (err, cursor) {","    if (err) {","      return fn(err);","    }","    cursor.toArray(fn);","  };","  this.find.apply(this, args);","  return this;","};","","/**"," * find and cursor.each(fn)."," *"," * @param {Object} [query]"," * @param {Object} [options]"," * @param {Function(err, item)} eachCallback"," * @return {SkinCollection} this"," * @api public"," */","SkinCollection.prototype.findEach = function (query, options, eachCallback) {","  var args = __slice.call(arguments);","  var fn = args[args.length - 1];","  args[args.length - 1] = function (err, cursor) {","    if (err) {","      return fn(err);","    }","    cursor.each(fn);","  };","  this.find.apply(this, args);","  return this;","};","","/**"," * Operate by object.`_id`"," *"," * @param {String} methodName"," * @param {String|ObjectID|Number} id"," * @param {Arguments|Array} args"," * @return {SkinCollection} this"," * @api private"," */","SkinCollection.prototype._operateById = function (methodName, id, args) {","  args = __slice.call(args);","  args[0] = {_id: helper.toObjectID(id)};","  this[methodName].apply(this, args);","  return this;","};","","/**"," * Find one object by _id."," *"," * @param {String|ObjectID|Number} id, doc primary key `_id`"," * @param {Function(err, doc)} callback"," * @return {SkinCollection} this"," * @api public"," */","SkinCollection.prototype.findById = function (id, callback) {","  return this._operateById('findOne', id, arguments);","};","","/**"," * Update doc by _id."," * @param {String|ObjectID|Number} id, doc primary key `_id`"," * @param {Object} doc"," * @param {Function(err)} callback"," * @return {SkinCollection} this"," * @api public"," */","SkinCollection.prototype.updateById = function (id, doc, callback) {","  var oldCb = callback;","  var _this = this;","  if (callback) {","    callback = function(error, res) {","      oldCb.call(_this, error, !!res ? res.result : null);","    };","  }","  return this._operateById('update', id, [id, doc, callback]);","};","","/**"," * Remove doc by _id."," * @param {String|ObjectID|Number} id, doc primary key `_id`"," * @param {Function(err)} callback"," * @return {SkinCollection} this"," * @api public"," */","SkinCollection.prototype.removeById = function (id, callback) {","  var oldCb = callback;","  var _this = this;","  if (callback) {","    callback = function(error, res) {","      oldCb.call(_this, error, !!res ? res.result.n : null);","    };","  }","  return this._operateById('remove', id, [id, callback]);","};","","/**"," * Creates a cursor for a query that can be used to iterate over results from MongoDB."," *"," * @param {Object} query"," * @param {Object} options"," * @param {Function(err, docs)} callback"," * @return {SkinCursor|SkinCollection} if last argument is not a function, then returns a SkinCursor,"," *   otherise return this"," * @api public"," */","SkinCollection.prototype.find = function (query, options, callback) {","  var args = __slice.call(arguments);","  if(this.isOpen()) {","    return this._native.find.apply(this._native, args);","  }","  if (args.length > 0 && typeof args[args.length - 1] === 'function') {","    this._find.apply(this, args);","    return this;","  } else {","    var cursor = new SkinCursor();","    cursor._skin_collection = this;","    cursor._find_args = args;","    return cursor;","  }","};",""],"l":{"14":1,"15":1,"16":1,"17":1,"18":1,"23":1,"37":1,"38":0,"39":0,"40":0,"42":0,"47":1,"48":0,"49":0,"50":0,"51":0,"58":1,"82":1,"83":0,"84":0,"85":0,"86":0,"87":0,"89":0,"91":0,"92":0,"104":1,"105":0,"106":0,"107":0,"108":0,"109":0,"111":0,"113":0,"114":0,"126":1,"127":0,"128":0,"129":0,"130":0,"141":1,"142":0,"153":1,"154":0,"155":0,"156":0,"157":0,"158":0,"161":0,"171":1,"172":0,"173":0,"174":0,"175":0,"176":0,"179":0,"192":1,"193":0,"194":0,"195":0,"197":0,"198":0,"199":0,"201":0,"202":0,"203":0,"204":0}},"/home/travis/build/npmtest/node-npmtest-mongoskin/mongoskin/lib/cursor.js":{"path":"/home/travis/build/npmtest/node-npmtest-mongoskin/mongoskin/lib/cursor.js","s":{"1":1,"2":1,"3":1,"4":1,"5":0,"6":0,"7":0,"8":0,"9":0,"10":0},"b":{"1":[0,0]},"f":{"1":0,"2":0},"fnMap":{"1":{"name":"(anonymous_1)","line":26,"loc":{"start":{"line":26,"column":29},"end":{"line":26,"column":49}}},"2":{"name":"(anonymous_2)","line":28,"loc":{"start":{"line":28,"column":29},"end":{"line":28,"column":56}}}},"statementMap":{"1":{"start":{"line":14,"column":0},"end":{"line":14,"column":39}},"2":{"start":{"line":15,"column":0},"end":{"line":15,"column":31}},"3":{"start":{"line":17,"column":0},"end":{"line":17,"column":66}},"4":{"start":{"line":26,"column":0},"end":{"line":33,"column":2}},"5":{"start":{"line":27,"column":2},"end":{"line":27,"column":18}},"6":{"start":{"line":28,"column":2},"end":{"line":32,"column":5}},"7":{"start":{"line":29,"column":6},"end":{"line":29,"column":36}},"8":{"start":{"line":29,"column":15},"end":{"line":29,"column":36}},"9":{"start":{"line":30,"column":6},"end":{"line":30,"column":52}},"10":{"start":{"line":31,"column":6},"end":{"line":31,"column":46}}},"branchMap":{"1":{"line":29,"type":"if","locations":[{"start":{"line":29,"column":6},"end":{"line":29,"column":6}},{"start":{"line":29,"column":6},"end":{"line":29,"column":6}}]}},"code":["/*!"," * mongoskin - cursor.js"," *"," * Copyright(c) 2011 - 2012 kissjs.org"," * MIT Licensed"," */","","\"use strict\";","","/**"," * Module dependencies."," */","","var Cursor = require('mongodb').Cursor;","var utils = require('./utils');","","var SkinCursor = exports.SkinCursor = utils.makeSkinClass(Cursor);","","/**"," * Retrieve mongodb.Cursor instance."," * "," * @param {Function(err, cursor)} callback"," * @return {SkinCursor} this"," * @api public"," */","SkinCursor.prototype._open = function (callback) {","  var self = this;","  this._skin_collection.open(function (err, collection) {","      if (err) return callback(err);","      var args = self._find_args.concat([callback]);","      collection.find.apply(collection, args);","  });","};",""],"l":{"14":1,"15":1,"17":1,"26":1,"27":0,"28":0,"29":0,"30":0,"31":0}},"/home/travis/build/npmtest/node-npmtest-mongoskin/mongoskin/lib/helper.js":{"path":"/home/travis/build/npmtest/node-npmtest-mongoskin/mongoskin/lib/helper.js","s":{"1":1,"2":1,"3":1,"4":0,"5":0,"6":0,"7":0,"8":0,"9":1,"10":0},"b":{"1":[0,0],"2":[0,0],"3":[0,0]},"f":{"1":0,"2":0},"fnMap":{"1":{"name":"(anonymous_1)","line":10,"loc":{"start":{"line":10,"column":21},"end":{"line":10,"column":36}}},"2":{"name":"(anonymous_2)","line":20,"loc":{"start":{"line":20,"column":21},"end":{"line":20,"column":38}}}},"statementMap":{"1":{"start":{"line":1,"column":0},"end":{"line":1,"column":33}},"2":{"start":{"line":2,"column":0},"end":{"line":2,"column":32}},"3":{"start":{"line":10,"column":0},"end":{"line":18,"column":2}},"4":{"start":{"line":11,"column":2},"end":{"line":13,"column":3}},"5":{"start":{"line":12,"column":4},"end":{"line":12,"column":15}},"6":{"start":{"line":14,"column":2},"end":{"line":16,"column":3}},"7":{"start":{"line":15,"column":4},"end":{"line":15,"column":15}},"8":{"start":{"line":17,"column":2},"end":{"line":17,"column":43}},"9":{"start":{"line":20,"column":0},"end":{"line":22,"column":2}},"10":{"start":{"line":21,"column":2},"end":{"line":21,"column":33}}},"branchMap":{"1":{"line":11,"type":"if","locations":[{"start":{"line":11,"column":2},"end":{"line":11,"column":2}},{"start":{"line":11,"column":2},"end":{"line":11,"column":2}}]},"2":{"line":14,"type":"if","locations":[{"start":{"line":14,"column":2},"end":{"line":14,"column":2}},{"start":{"line":14,"column":2},"end":{"line":14,"column":2}}]},"3":{"line":14,"type":"binary-expr","locations":[{"start":{"line":14,"column":6},"end":{"line":14,"column":10}},{"start":{"line":14,"column":14},"end":{"line":14,"column":31}}]}},"code":["var mongodb = require('mongodb');","var ObjectID = mongodb.ObjectID;","","/**"," * Convert to ObjectID."," * "," * @param {String} hex"," * @return {ObjectID}"," */","exports.toObjectID = function (hex) {","  if (hex instanceof ObjectID) {","    return hex;","  }","  if (!hex || hex.length !== 24) {","    return hex;","  }","  return ObjectID.createFromHexString(hex);","};","","exports.isObjectID = function (idstr) {","  return ObjectID.isValid(idstr);","};",""],"l":{"1":1,"2":1,"10":1,"11":0,"12":0,"14":0,"15":0,"17":0,"20":1,"21":0}},"/home/travis/build/npmtest/node-npmtest-mongoskin/mongoskin/lib/grid_store.js":{"path":"/home/travis/build/npmtest/node-npmtest-mongoskin/mongoskin/lib/grid_store.js","s":{"1":1,"2":1,"3":1,"4":1,"5":0,"6":0,"7":0,"8":0,"9":0,"10":0,"11":0,"12":0,"13":0,"14":1,"15":5,"16":0,"17":0,"18":0,"19":0,"20":1,"21":1,"22":1,"23":1,"24":1},"b":{"1":[0,0]},"f":{"1":0,"2":0,"3":5,"4":0,"5":0},"fnMap":{"1":{"name":"(anonymous_1)","line":8,"loc":{"start":{"line":8,"column":32},"end":{"line":8,"column":51}}},"2":{"name":"(anonymous_2)","line":11,"loc":{"start":{"line":11,"column":15},"end":{"line":11,"column":35}}},"3":{"name":"bindStaticMethod","line":20,"loc":{"start":{"line":20,"column":0},"end":{"line":20,"column":38}}},"4":{"name":"(anonymous_4)","line":21,"loc":{"start":{"line":21,"column":30},"end":{"line":21,"column":47}}},"5":{"name":"(anonymous_5)","line":23,"loc":{"start":{"line":23,"column":16},"end":{"line":23,"column":36}}}},"statementMap":{"1":{"start":{"line":3,"column":0},"end":{"line":3,"column":45}},"2":{"start":{"line":4,"column":0},"end":{"line":4,"column":53}},"3":{"start":{"line":6,"column":0},"end":{"line":6,"column":69}},"4":{"start":{"line":8,"column":0},"end":{"line":18,"column":1}},"5":{"start":{"line":9,"column":2},"end":{"line":9,"column":40}},"6":{"start":{"line":10,"column":2},"end":{"line":10,"column":43}},"7":{"start":{"line":11,"column":2},"end":{"line":17,"column":5}},"8":{"start":{"line":12,"column":6},"end":{"line":12,"column":35}},"9":{"start":{"line":12,"column":14},"end":{"line":12,"column":35}},"10":{"start":{"line":13,"column":6},"end":{"line":13,"column":41}},"11":{"start":{"line":14,"column":6},"end":{"line":14,"column":55}},"12":{"start":{"line":15,"column":6},"end":{"line":15,"column":33}},"13":{"start":{"line":16,"column":6},"end":{"line":16,"column":31}},"14":{"start":{"line":20,"column":0},"end":{"line":28,"column":1}},"15":{"start":{"line":21,"column":2},"end":{"line":27,"column":3}},"16":{"start":{"line":22,"column":4},"end":{"line":22,"column":53}},"17":{"start":{"line":23,"column":4},"end":{"line":26,"column":7}},"18":{"start":{"line":24,"column":8},"end":{"line":24,"column":23}},"19":{"start":{"line":25,"column":8},"end":{"line":25,"column":53}},"20":{"start":{"line":30,"column":0},"end":{"line":30,"column":26}},"21":{"start":{"line":31,"column":0},"end":{"line":31,"column":25}},"22":{"start":{"line":32,"column":0},"end":{"line":32,"column":25}},"23":{"start":{"line":33,"column":0},"end":{"line":33,"column":30}},"24":{"start":{"line":34,"column":0},"end":{"line":34,"column":27}}},"branchMap":{"1":{"line":12,"type":"if","locations":[{"start":{"line":12,"column":6},"end":{"line":12,"column":6}},{"start":{"line":12,"column":6},"end":{"line":12,"column":6}}]}},"code":["\"use strict\";","","var GridStore = require('mongodb').GridStore;","var makeSkinClass = require('./utils').makeSkinClass;","","var SkinGridStore = exports.SkinGridStore = makeSkinClass(GridStore);","","SkinGridStore.prototype._open = function(callback) {","  var skin_db = this._construct_args[0];","  var args = this._construct_args.slice(1);","  skin_db.open(function(err, p_db) {","      if(err) return callback(err);","      args = ([null, p_db]).concat(args);","      var ctor = GridStore.bind.apply(GridStore, args);","      var gridStore = new ctor();","      gridStore.open(callback);","  });","}","","function bindStaticMethod(methodName) {","  SkinGridStore[methodName] = function(skindb) {","    var args = Array.prototype.slice.call(arguments);","    skindb.open(function(err, p_db) {","        args[0] = p_db;","        GridStore[methodName].apply(GridStore, args);","    });","  }","}","","bindStaticMethod('exist');","bindStaticMethod('list');","bindStaticMethod('read');","bindStaticMethod('readlines');","bindStaticMethod('unlink');",""],"l":{"3":1,"4":1,"6":1,"8":1,"9":0,"10":0,"11":0,"12":0,"13":0,"14":0,"15":0,"16":0,"20":1,"21":5,"22":0,"23":0,"24":0,"25":0,"30":1,"31":1,"32":1,"33":1,"34":1}}}